 
                                                                                                                                                                                                                                                                
 
 
Fit Statistics

Target=Total_Actions Target Label=Total Actions

   Fit
Statistics    Statistics Label                          Train       Validation

  _NOBS_      Sum of Frequencies                      4047.00          1012.00
  _SUMW_      Sum of Case Weights Times Freq          4047.00          1012.00
  _MAX_       Maximum Absolute Error               1058187.69        561257.95
  _SSE_       Sum of Squared Errors             1.63653342E13    2621164056298
  _ASE_       Average Squared Error             4043818683.98    2590083059.58
  _RASE_      Root Average Squared Error             63591.03         50892.86
  _DIV_       Divisor for ASE                         4047.00          1012.00
  _DFT_       Total Degrees of Freedom                4047.00              .  
 
                                                                                                                                                                                                                                                                
 
 
Assessment Score Rankings

Data Role=TRAIN Target Variable=Total_Actions Target Label=Total Actions

           Number of        Mean         Mean
Depth    Observations      Target     Predicted

   5          203        671585.34    565325.71
  10          202        576895.23    555062.95
  15          203        498125.78    511326.93
  20          202        490508.85    492077.22
  25          202        431480.10    464193.19
  30          203        395282.82    430719.20
  35          203        358573.97    394326.02
  40          201        331227.44    327714.37
  45          203        310752.23    303954.71
  50          202        289792.13    283719.73
  55          202        265039.89    263711.53
  60          203        244550.91    246275.91
  65          203        222457.31    225109.65
  70          201        200755.66    202344.98
  75          203        179845.77    180924.42
  80          202        156962.75    159140.46
  85          202        128496.28    123578.49
  90          203         93092.57     89567.29
  95          202         70201.64     81349.66
 100          202         65321.53     78201.38


Data Role=VALIDATE Target Variable=Total_Actions Target Label=Total Actions

           Number of        Mean         Mean
Depth    Observations      Target     Predicted

   5          51         612170.33    566043.50
  10          51         581394.88    555244.55
  15          50         469439.42    516729.15
  20          51         512600.12    492763.76
  25          50         432511.00    463623.89
  30          51         393183.51    428933.87
  35          51         361044.76    393481.59
  40          50         329692.12    333885.07
  45          51         316200.27    308373.13
  50          50         294324.94    287595.66
  55          51         267497.75    267392.54
  60          51         250962.16    252094.08
  65          50         227807.48    228757.27
  70          51         207311.76    209871.72
  75          50         187689.26    190472.66
  80          51         160351.27    163855.05
  85          51         134000.67    131798.34
  90          50         100038.86     90799.89
  95          51          74822.94     81293.15
 100          50          61637.68     78498.04
 
                                                                                                                                                                                                                                                                
 
 
Assessment Score Distribution

Data Role=TRAIN Target Variable=Total_Actions Target Label=Total Actions

                               Mean         Mean        Number of       Model
  Range for Predicted         Target     Predicted    Observations      Score

549993.726 -  575033.544    633821.57    561357.79         376        562513.63
524953.908 -  549993.726    495781.82    539203.92          56        537473.82
499914.090 -  524953.908    496760.86    509207.01         156        512434.00
474874.272 -  499914.090    484822.68    490488.28         275        487394.18
449834.454 -  474874.272    427686.06    461484.65         115        462354.36
424794.636 -  449834.454    402744.16    436792.58         178        437314.55
399754.819 -  424794.636    376445.25    415170.90         155        412274.73
374715.001 -  399754.819    353606.82    390888.00          60        387234.91
349675.183 -  374715.001    340356.42    365731.79          43        362195.09
324635.365 -  349675.183    337054.61    335030.76         117        337155.27
299595.547 -  324635.365    319151.81    312278.85         226        312115.46
274555.729 -  299595.547    292403.67    287042.09         257        287075.64
249515.912 -  274555.729    262020.94    261320.69         291        262035.82
224476.094 -  249515.912    232899.51    234919.40         247        236996.00
199436.276 -  224476.094    210012.94    211442.95         207        211956.18
174396.458 -  199436.276    186053.38    187738.13         234        186916.37
149356.640 -  174396.458    160039.82    162459.29         222        161876.55
124316.822 -  149356.640    140086.47    140106.72         138        136836.73
99277.005 -  124316.822     125904.85    111971.30          41        111796.91
74237.187 -  99277.005       78256.26     84009.40         653         86757.10


Data Role=VALIDATE Target Variable=Total_Actions Target Label=Total Actions

                               Mean         Mean        Number of       Model
  Range for Predicted         Target     Predicted    Observations      Score

549426.141 -  574395.636    599351.08    560873.23         100        561910.89
524456.646 -  549426.141    479342.31    536224.15          16        536941.39
499487.151 -  524456.646    466903.06    510171.27          35        511971.90
474517.655 -  499487.151    502363.52    490652.20          65        487002.40
449548.160 -  474517.655    419486.68    460832.76          28        462032.91
424578.665 -  449548.160    405547.69    437086.81          39        437063.41
399609.170 -  424578.665    378373.62    415435.69          42        412093.92
374639.674 -  399609.170    355764.20    389969.08          20        387124.42
349670.179 -  374639.674    330507.28    361099.09          18        362154.93
324700.684 -  349670.179    337538.52    337335.82          23        337185.43
299731.189 -  324700.684    321561.75    314068.22          61        312215.94
274761.694 -  299731.189    293677.31    287483.58          67        287246.44
249792.198 -  274761.694    260831.09    261489.23          77        262276.95
224822.703 -  249792.198    234059.34    235093.33          53        237307.45
199853.208 -  224822.703    209795.08    212550.50          66        212337.96
174883.713 -  199853.208    186298.96    188695.23          56        187368.46
149914.217 -  174883.713    157750.53    161943.13          43        162398.97
124944.722 -  149914.217    140730.24    142334.63          38        137429.47
99975.227 -  124944.722     125289.86    112811.94           7        112459.97
75005.732 -  99975.227       80102.82     84075.35         158         87490.48
