*------------------------------------------------------------*
* Report Log
Date:                May 06, 2020
Time:                15:54:40
*------------------------------------------------------------*
13638  data EMWS2.Neural_EMOUTFIT(rename=(_NAME_=TARGET));
13639  set EMWS2.Neural_OUTFIT(where=(_NAME_ eq 'OVERALL'));
13640  label _NAME_ = "%sysfunc(sasmsg(sashelp.dmine, rpt_target_vlabel  , NOQUOTE))";
13641  if _NAME_='OVERALL' then _NAME_='Total_Actions';
13642  drop _ITER_;
13643  run;

NOTE: There were 1 observations read from the data set EMWS2.NEURAL_OUTFIT.
      WHERE _NAME_='OVERALL';
NOTE: The data set EMWS2.NEURAL_EMOUTFIT has 1 observations and 35 variables.
NOTE: DATA statement used (Total process time):
      real time           0.04 seconds
      cpu time            0.01 seconds
      

13644  proc sort data=EMWS2.Neural_EMOUTFIT nodupkey;
13645  by TARGET;
13646  run;

NOTE: There were 1 observations read from the data set EMWS2.NEURAL_EMOUTFIT.
NOTE: 0 observations with duplicate key values were deleted.
NOTE: The data set EMWS2.NEURAL_EMOUTFIT has 1 observations and 35 variables.
NOTE: PROCEDURE SORT used (Total process time):
      real time           0.04 seconds
      cpu time            0.01 seconds
      

13647  data EMWS2.Neural_EMOUTFIT;
13648  set EMWS2.Neural_EMOUTFIT;
13649  length TargetLabel $200;
13650  label targetLabel = "%sysfunc(sasmsg(sashelp.dmine, meta_targetlabel_vlabel, NOQUOTE))";
13651  if upcase(TARGET) eq "TOTAL_ACTIONS" then TargetLabel = 'Total Actions';
13652  run;

NOTE: There were 1 observations read from the data set EMWS2.NEURAL_EMOUTFIT.
NOTE: The data set EMWS2.NEURAL_EMOUTFIT has 1 observations and 36 variables.
NOTE: DATA statement used (Total process time):
      real time           0.05 seconds
      cpu time            0.01 seconds
      

13653  proc sort data=EMWS2.Neural_EMREPORTFIT nothreads;
13654  by TARGET;
13655  run;

NOTE: There were 21 observations read from the data set EMWS2.NEURAL_EMREPORTFIT.
NOTE: The data set EMWS2.NEURAL_EMREPORTFIT has 21 observations and 7 variables.
NOTE: PROCEDURE SORT used (Total process time):
      real time           0.05 seconds
      cpu time            0.00 seconds
      

13656  %let _EMwarndup = 0;
13657  %let _EMtargetdup =;
13658  %let _EMASEtargetdup =;
13659  data _null_;
13660  set EMWS2.Neural_EMOUTFIT;
13661  if .<_ASE_<0.000001 then do;
13662  call symput('_EMwarndup', '1');
13663  call symput('_EMtargetdup', target);
13664  call symput('_EMASEtargetdup', put(_ASE_, best.));
13665  end;
13666  run;

NOTE: There were 1 observations read from the data set EMWS2.NEURAL_EMOUTFIT.
NOTE: DATA statement used (Total process time):
      real time           0.00 seconds
      cpu time            0.01 seconds
      

13667  proc sort data=EMWS2.TextTopic_CMeta_TRAIN out=WORK.SUBSETINMETA;
13668  by NAME;
13669  run;

NOTE: There were 108 observations read from the data set EMWS2.TEXTTOPIC_CMETA_TRAIN.
NOTE: The data set WORK.SUBSETINMETA has 108 observations and 20 variables.
NOTE: PROCEDURE SORT used (Total process time):
      real time           0.01 seconds
      cpu time            0.00 seconds
      

13670  proc sort data=EMWS2.Neural_VariableSet out=WORK.SUBSETVARSET(keep=NAME REPORT);
13671  by NAME;
13672  run;

NOTE: There were 88 observations read from the data set EMWS2.NEURAL_VARIABLESET.
NOTE: The data set WORK.SUBSETVARSET has 88 observations and 2 variables.
NOTE: PROCEDURE SORT used (Total process time):
      real time           0.07 seconds
      cpu time            0.00 seconds
      

13673  data WORK.ASSESS_META;
13674  merge WORK.SUBSETINMETA WORK.SUBSETVARSET;
13675  by NAME;
13676  run;

NOTE: There were 108 observations read from the data set WORK.SUBSETINMETA.
NOTE: There were 88 observations read from the data set WORK.SUBSETVARSET.
NOTE: The data set WORK.ASSESS_META has 108 observations and 20 variables.
NOTE: DATA statement used (Total process time):
      real time           0.01 seconds
      cpu time            0.01 seconds
      

13677  data EM_temp_assessMeta;
13678  set EMWS2.Neural_CMeta_TRAIN;
13679  where role in('DECISION', 'PREDICT', 'RESIDUAL', 'CLASSIFICATION', 'ASSESS', 'COST');
13680  run;

NOTE: There were 3 observations read from the data set EMWS2.NEURAL_CMETA_TRAIN.
      WHERE role in ('ASSESS', 'CLASSIFICATION', 'COST', 'DECISION', 'PREDICT', 'RESIDUAL');
NOTE: The data set WORK.EM_TEMP_ASSESSMETA has 3 observations and 21 variables.
NOTE: DATA statement used (Total process time):
      real time           0.02 seconds
      cpu time            0.00 seconds
      

13681  data EM_temp_assessdata;
13682  set EMWS2.Neural_TRAIN(keep=
13683  P_Total_Actions
13684  R_Total_Actions
13685  _WARN_
13686  Total_Actions
13687  );
13688  run;

NOTE: View EMWS2.NEURAL_TRAIN.VIEW used (Total process time):
      real time           0.05 seconds
      cpu time            0.06 seconds
      
NOTE: There were 4047 observations read from the data set EMWS2.TEXTTOPIC_TRAIN.
NOTE: There were 4047 observations read from the data set EMWS2.NEURAL_TRAIN.
NOTE: The data set WORK.EM_TEMP_ASSESSDATA has 4047 observations and 4 variables.
NOTE: DATA statement used (Total process time):
      real time           0.07 seconds
      cpu time            0.06 seconds
      








18022  data EM_temp_assessMeta;
18023  set EMWS2.Neural_CMeta_TRAIN;
18024  where role in('DECISION', 'PREDICT', 'RESIDUAL', 'CLASSIFICATION', 'ASSESS', 'COST');
18025  run;

NOTE: There were 3 observations read from the data set EMWS2.NEURAL_CMETA_TRAIN.
      WHERE role in ('ASSESS', 'CLASSIFICATION', 'COST', 'DECISION', 'PREDICT', 'RESIDUAL');
NOTE: The data set WORK.EM_TEMP_ASSESSMETA has 3 observations and 21 variables.
NOTE: DATA statement used (Total process time):
      real time           0.01 seconds
      cpu time            0.00 seconds
      

18026  data EM_temp_assessdata;
18027  set EMWS2.Neural_VALIDATE(keep=
18028  P_Total_Actions
18029  R_Total_Actions
18030  _WARN_
18031  Total_Actions
18032  );
18033  run;

NOTE: View EMWS2.NEURAL_VALIDATE.VIEW used (Total process time):
      real time           0.04 seconds
      cpu time            0.03 seconds
      
NOTE: There were 1012 observations read from the data set EMWS2.TEXTTOPIC_VALIDATE.
NOTE: There were 1012 observations read from the data set EMWS2.NEURAL_VALIDATE.
NOTE: The data set WORK.EM_TEMP_ASSESSDATA has 1012 observations and 4 variables.
NOTE: DATA statement used (Total process time):
      real time           0.06 seconds
      cpu time            0.04 seconds
      








22377  %let _cn = %sysfunc(getoption(CENTER));
22378  options nocenter;
22379  proc print data=EMWS2.Neural_EMREPORTFIT noobs label;
22380  var STAT LABEL TRAIN
22381  VALIDATE
22382  ;
22383  by TARGET TARGETLABEL;
22384  title9 ' ';
22385  title10 "%sysfunc(sasmsg(sashelp.dmine, rpt_fitstat_title  , NOQUOTE))";
22386  run;

NOTE: There were 21 observations read from the data set EMWS2.NEURAL_EMREPORTFIT.
NOTE: At least one W.D format was too small for the number to be printed. The decimal may be shifted by the "BEST" format.
NOTE: The PROCEDURE PRINT printed page 7.
NOTE: PROCEDURE PRINT used (Total process time):
      real time           0.00 seconds
      cpu time            0.00 seconds
      

22387  title10;
22388  options &_cn;

22389  proc datasets library=EMWS2 nolist;
22390  modify Neural_EMRANK;
22391  label target = "%sysfunc(sasmsg(sashelp.dmine, rpt_targetvar_vlabel ,   NOQUOTE))";
22392  label datarole = "%sysfunc(sasmsg(sashelp.dmine, rpt_datarole_vlabel ,    NOQUOTE))";
22393  run;

NOTE: MODIFY was successful for EMWS2.NEURAL_EMRANK.DATA.
22394  quit;

NOTE: PROCEDURE DATASETS used (Total process time):
      real time           0.10 seconds
      cpu time            0.07 seconds
      

22395  %let _cn = %sysfunc(getoption(CENTER));
22396  options nocenter;
22397  proc print data=EMWS2.Neural_EMRANK label noobs;
22398  var
22399  decile N _targetMean_ _meanP_;
22400  by
22401  notsorted DATAROLE
22402  notsorted TARGET
22403  notsorted TARGETLABEL
22404  ;
22405  title9 ' ';
22406  title10 "%sysfunc(sasmsg(sashelp.dmine, rpt_scoreranking_title , NOQUOTE))";
22407  run;

NOTE: There were 40 observations read from the data set EMWS2.NEURAL_EMRANK.
NOTE: The PROCEDURE PRINT printed page 8.
NOTE: PROCEDURE PRINT used (Total process time):
      real time           0.01 seconds
      cpu time            0.00 seconds
      

22408  title10;
22409  options &_cn;

22410  proc datasets library=EMWS2 nolist;
22411  modify Neural_EMSCOREDIST;
22412  label target = "%sysfunc(sasmsg(sashelp.dmine, rpt_targetvar_vlabel ,      NOQUOTE))";
22413  label datarole = "%sysfunc(sasmsg(sashelp.dmine, rpt_datarole_vlabel ,    NOQUOTE))";
22414  run;

NOTE: MODIFY was successful for EMWS2.NEURAL_EMSCOREDIST.DATA.
22415  quit;

NOTE: PROCEDURE DATASETS used (Total process time):
      real time           0.09 seconds
      cpu time            0.06 seconds
      

