 
                                                                                                                                                                                                                                                                
 
 
Fit Statistics

Target=Total_Actions Target Label=Total Actions

   Fit
Statistics    Statistics Label                           Train       Validation

 _DFT_        Total Degrees of Freedom                 4047.00              .  
 _DFE_        Degrees of Freedom for Error             3812.00              .  
 _DFM_        Model Degrees of Freedom                  235.00              .  
 _NW_         Number of Estimated Weights               235.00              .  
 _AIC_        Akaike's Information Criterion          87741.47              .  
 _SBC_        Schwarz's Bayesian Criterion            89223.32              .  
 _ASE_        Average Squared Error              2319192268.73    1959988134.26
 _MAX_        Maximum Absolute Error                 798883.06        294921.21
 _DIV_        Divisor for ASE                          4047.00          1012.00
 _NOBS_       Sum of Frequencies                       4047.00          1012.00
 _RASE_       Root Average Squared Error              48157.99         44271.75
 _SSE_        Sum of Squared Errors              9385771111546    1983507991875
 _SUMW_       Sum of Case Weights Times Freq           4047.00          1012.00
 _FPE_        Final Prediction Error             2605136750.97              .  
 _MSE_        Mean Squared Error                 2462164509.85    1959988134.26
 _RFPE_       Root Final Prediction Error             51040.54              .  
 _RMSE_       Root Mean Squared Error                 49620.20         44271.75
 _AVERR_      Average Error Function             2319192268.73    1959988134.26
 _ERR_        Error Function                     9385771111546    1983507991875
 _MISC_       Misclassification Rate                       .                .  
 _WRONG_      Number of Wrong Classifications              .                .  
 
                                                                                                                                                                                                                                                                
 
 
Assessment Score Rankings

Data Role=TRAIN Target Variable=Total_Actions Target Label=Total Actions

           Number of        Mean         Mean
Depth    Observations      Target     Predicted

   5          203        735941.49    705510.77
  10          202        553387.31    577354.57
  15          203        495264.01    506024.29
  20          202        458684.88    459840.65
  25          202        422289.83    423054.59
  30          203        386548.95    389624.40
  35          202        353726.47    359582.69
  40          202        324767.62    333490.80
  45          203        310603.02    306241.35
  50          202        285020.79    281861.76
  55          202        268004.59    261812.38
  60          203        246640.32    240735.26
  65          202        221048.04    221992.51
  70          202        197961.74    206299.62
  75          203        165728.06    192454.29
  80          202        154344.03    182110.09
  85          202        141751.94    163535.38
  90          203        113400.93    140023.89
  95          202         90934.13    108354.80
 100          202         54841.45     54387.25


Data Role=VALIDATE Target Variable=Total_Actions Target Label=Total Actions

           Number of        Mean         Mean
Depth    Observations      Target     Predicted

   5          51         683768.12    684502.71
  10          51         537366.86    564738.73
  15          50         501880.28    503702.43
  20          51         456339.61    460530.87
  25          50         424001.78    425170.40
  30          51         386848.04    387782.55
  35          51         346199.00    357761.37
  40          50         329042.86    335455.31
  45          51         304969.94    309175.53
  50          50         299616.44    287036.40
  55          51         276577.12    264996.51
  60          51         250325.49    245073.26
  65          50         229302.48    225017.31
  70          51         202669.49    207882.19
  75          50         185297.84    193572.33
  80          51         146674.61    184803.10
  85          51         143406.86    165335.70
  90          50         116290.36    141529.75
  95          51          97465.37    115003.63
 100          50          57417.24     61034.31
 
                                                                                                                                                                                                                                                                
 
 
Assessment Score Distribution

Data Role=TRAIN Target Variable=Total_Actions Target Label=Total Actions

                               Mean          Mean        Number of       Model
  Range for Predicted         Target      Predicted    Observations      Score

797794.711 -  840485.661    1179786.56    822063.27          16        819140.19
755103.760 -  797794.711     861578.36    776445.60          25        776449.24
712412.810 -  755103.760     739353.07    731057.83          41        733758.29
669721.860 -  712412.810     678276.28    690648.50          60        691067.34
627030.910 -  669721.860     621868.33    645552.38          54        648376.38
584339.959 -  627030.910     585189.38    605841.92          86        605685.43
541649.009 -  584339.959     537241.77    562936.13         109        562994.48
498958.059 -  541649.009     503937.36    518525.16         140        520303.53
456267.109 -  498958.059     474451.57    477037.29         189        477612.58
413576.158 -  456267.109     434453.33    435790.55         239        434921.63
370885.208 -  413576.158     388577.12    391725.30         283        392230.68
328194.258 -  370885.208     339596.78    348803.16         313        349539.73
285503.308 -  328194.258     310697.94    306465.28         331        306848.78
242812.357 -  285503.308     270120.02    264458.94         421        264157.83
200121.407 -  242812.357     218439.07    220272.82         502        221466.88
157430.457 -  200121.407     156500.03    181968.20         589        178775.93
114739.507 -  157430.457     113229.08    137725.65         317        136084.98
72048.556 -  114739.507       78811.36     94342.82         187         93394.03
29357.606 -  72048.556        52310.86     51955.22         121         50703.08
-13333.344 -  29357.606       42738.50      8601.26          24          8012.13


Data Role=VALIDATE Target Variable=Total_Actions Target Label=Total Actions

                               Mean          Mean        Number of       Model
  Range for Predicted         Target      Predicted    Observations      Score

788398.505 -  830374.786    1125296.00    830374.79           1        809386.65
746422.223 -  788398.505     836659.00    762717.30           7        767410.36
704445.941 -  746422.223     727612.29    727760.14           7        725434.08
662469.660 -  704445.941     657117.35    682935.01          17        683457.80
620493.378 -  662469.660     621574.40    638620.82          15        641481.52
578517.097 -  620493.378     558504.67    599696.19          18        599505.24
536540.815 -  578517.097     531782.34    556210.17          32        557528.96
494564.533 -  536540.815     500703.20    513224.42          41        515552.67
452588.252 -  494564.533     474727.33    472047.81          49        473576.39
410611.970 -  452588.252     434348.25    432535.83          61        431600.11
368635.689 -  410611.970     385826.54    388546.44          59        389623.83
326659.407 -  368635.689     335605.41    347594.62          91        347647.55
284683.125 -  326659.407     308974.35    304696.49          88        305671.27
242706.844 -  284683.125     271268.82    262631.56         104        263694.98
200730.562 -  242706.844     222280.22    219818.07         118        221718.70
158754.280 -  200730.562     159640.13    183423.60         141        179742.42
116777.999 -  158754.280     113325.51    138176.85          87        137766.14
74801.717 -  116777.999       82628.06     97547.42          47         95789.86
32825.436 -  74801.717        59915.41     56398.46          17         53813.58
-9150.846 -  32825.436        39556.67     25076.94          12         11837.29
