 
                                                                                                                                                                                                                                                                
 
 
Variable Summary

            Measurement    Frequency
Role           Level         Count

INPUT        INTERVAL          73   
INPUT        NOMINAL            2   
REJECTED     INTERVAL          12   
TARGET       INTERVAL           1   
 
                                                                                                                                                                                                                                                                
 
 
Predicted and decision variables

Type            Variable        Label

TARGET       Total_Actions      Total Actions           
PREDICTED    P_Total_Actions    Predicted: Total_Actions
RESIDUAL     R_Total_Actions    Residual: Total_Actions 
 
                                                                                                                                                                                                                                                                
 
 

The NEURAL Procedure

Preliminary       Starting         Objective         Number
 Training          Random           Function           of        Terminating
    Run             Seed             Value         Iterations     Criteria

        1               12345    18182809538.72           10                
        2           538967147    10944306016.54           10                
        3          2137006704    16307060836.34           10                
        4           738500039    21007782072.19           10                
        5           185599072    19791815736.18           10                
 
                                                                                                                                                                                                                                                                
 
 

The NEURAL Procedure

                      Optimization Start
                     Parameter Estimates
                                                     Gradient
                                                    Objective
  N Parameter                        Estimate        Function

  1 Character_Count_H11             -0.120990       538395458
  2 Comments_Count_H11               0.837278      3730102756
  3 Likes_Count_H11                  0.873925       697201458
  4 TextCluster_SVD1_H11             0.091415      2663325173
  5 TextCluster_SVD10_H11           -0.160256       -35467512
  6 TextCluster_SVD11_H11            0.068688      -639404825
  7 TextCluster_SVD12_H11           -0.096504       405756089
  8 TextCluster_SVD13_H11            0.157621       150442923
  9 TextCluster_SVD14_H11            0.112226      1299387900
 10 TextCluster_SVD15_H11            0.067967       630608312
 11 TextCluster_SVD16_H11           -0.157983       354482246
 12 TextCluster_SVD17_H11            0.043174      1548728716
 13 TextCluster_SVD18_H11            0.139006      1227018033
 14 TextCluster_SVD19_H11            0.030253      -606936452
 15 TextCluster_SVD2_H11             0.271939      -307380498
 16 TextCluster_SVD20_H11           -0.084728        68853325
 17 TextCluster_SVD21_H11           -0.390843     -3014434674
 18 TextCluster_SVD22_H11           -0.185344      -962506570
 19 TextCluster_SVD23_H11            0.050389       182102644
 20 TextCluster_SVD24_H11            0.235146      -155606492
 21 TextCluster_SVD25_H11            0.039224      -313351751
 22 TextCluster_SVD26_H11           -0.061861      -999632873
 23 TextCluster_SVD27_H11            0.109116       496552730
 24 TextCluster_SVD28_H11           -0.127451       -48084774
 25 TextCluster_SVD29_H11           -0.151725       632473134
 26 TextCluster_SVD3_H11             0.267522       467796632
 27 TextCluster_SVD30_H11            0.185265      1972852764
 28 TextCluster_SVD31_H11            0.048710      1222432077
 29 TextCluster_SVD32_H11           -0.030968       235271311
 30 TextCluster_SVD33_H11            0.005854      1174884920
 31 TextCluster_SVD34_H11           -0.047709       434523061
 32 TextCluster_SVD35_H11            0.167662       172114955
 33 TextCluster_SVD36_H11           -0.153832      -553533890
 34 TextCluster_SVD37_H11            0.183936      1167937420
 35 TextCluster_SVD38_H11            0.011735       430856872
 36 TextCluster_SVD39_H11           -0.093977       804001844
 37 TextCluster_SVD4_H11             0.244885      2560425442
 38 TextCluster_SVD40_H11            0.308186      -274853307
 39 TextCluster_SVD41_H11            0.015537      -629226990
 40 TextCluster_SVD42_H11            0.141623      -126194085
 41 TextCluster_SVD43_H11           -0.097805       471322969
 42 TextCluster_SVD44_H11           -0.075313       191578702
 43 TextCluster_SVD45_H11           -0.040539     -1634314542
 44 TextCluster_SVD46_H11            0.045578      -671152450
 45 TextCluster_SVD47_H11           -0.012039      -121075476
 46 TextCluster_SVD48_H11            0.132606       460189432
 47 TextCluster_SVD49_H11            0.020289     -1117871777
 48 TextCluster_SVD5_H11            -0.251346     -1279468948
 49 TextCluster_SVD50_H11           -0.159734       -44424531
 50 TextCluster_SVD51_H11           -0.115240       554519684
 51 TextCluster_SVD52_H11           -0.260647     -1639485987
 52 TextCluster_SVD53_H11           -0.080107        70953907
 53 TextCluster_SVD54_H11            0.007537      -570434262
 54 TextCluster_SVD55_H11           -0.149026      -112072845
 55 TextCluster_SVD6_H11            -0.236294      1790473662
 56 TextCluster_SVD7_H11            -0.050040       785558254
 57 TextCluster_SVD8_H11            -0.156584       133127723
 58 TextCluster_SVD9_H11             0.144605       138869509
 59 TextTopic_raw1_H11               0.155458      2507208516
 60 TextTopic_raw10_H11              0.120836       -35200917
 61 TextTopic_raw11_H11             -0.025402      -828057158
 62 TextTopic_raw12_H11              0.142808       273137012
 63 TextTopic_raw13_H11             -0.150779       304213560
 64 TextTopic_raw14_H11              0.119983      1241539007
 65 TextTopic_raw15_H11             -0.193330       577622990
 66 TextTopic_raw2_H11               0.010229       900992745
 67 TextTopic_raw3_H11               0.117045     -1135651799
 68 TextTopic_raw4_H11               0.056109       448669666
 69 TextTopic_raw5_H11              -0.240141      -936911051
 70 TextTopic_raw6_H11               0.169081      1143302673
 71 TextTopic_raw7_H11               0.203529       750461679
 72 TextTopic_raw8_H11              -0.115423       434438144
 73 TextTopic_raw9_H11               0.265790       739586443
 74 Character_Count_H12             -0.082039      -240729781
 75 Comments_Count_H12              -0.029678      -128085352
 76 Likes_Count_H12                 -0.103392      1392392935
 77 TextCluster_SVD1_H12            -0.200502      -226518663
 78 TextCluster_SVD10_H12           -0.010352       171219770
 79 TextCluster_SVD11_H12           -0.204493       389040981
 80 TextCluster_SVD12_H12           -0.166288      -143100305
 81 TextCluster_SVD13_H12           -0.011531       -42450139
 82 TextCluster_SVD14_H12            0.044025      -228267214
 83 TextCluster_SVD15_H12            0.013334        74231296
 84 TextCluster_SVD16_H12           -0.056702       -79547633
 85 TextCluster_SVD17_H12            0.110517      -289674645
 86 TextCluster_SVD18_H12           -0.167535      -186774602
 87 TextCluster_SVD19_H12            0.054756        30694016
 88 TextCluster_SVD2_H12             0.073996        89105010
 89 TextCluster_SVD20_H12            0.086121       -10416631
 90 TextCluster_SVD21_H12           -0.075814       822559146
 91 TextCluster_SVD22_H12            0.061810       343585437
 92 TextCluster_SVD23_H12            0.079567        82790050
 93 TextCluster_SVD24_H12           -0.011698       103127892
 94 TextCluster_SVD25_H12            0.188825       166495409
 95 TextCluster_SVD26_H12            0.208132       644727977
 96 TextCluster_SVD27_H12            0.079992      -292679454
 97 TextCluster_SVD28_H12           -0.117674      -125397503
 98 TextCluster_SVD29_H12           -0.047319      -158670051
 99 TextCluster_SVD3_H12            -0.184173        38029717
100 TextCluster_SVD30_H12            0.109012      -186253064
101 TextCluster_SVD31_H12            0.011725      -313850946
102 TextCluster_SVD32_H12           -0.075943      -126542545
103 TextCluster_SVD33_H12           -0.078948      -358977253
104 TextCluster_SVD34_H12           -0.048283      -242283083
105 TextCluster_SVD35_H12            0.085294       -61633420
106 TextCluster_SVD36_H12           -0.124543       182636881
107 TextCluster_SVD37_H12           -0.036497      -527546600
108 TextCluster_SVD38_H12            0.117719        94095749
109 TextCluster_SVD39_H12           -0.131158      -274905151
110 TextCluster_SVD4_H12             0.026133      -511914519
111 TextCluster_SVD40_H12            0.234407       313793276
112 TextCluster_SVD41_H12            0.003397       413902967
113 TextCluster_SVD42_H12           -0.003160      -204171294
114 TextCluster_SVD43_H12            0.137579       217389837
115 TextCluster_SVD44_H12           -0.137637       -67144625
116 TextCluster_SVD45_H12            0.088625       464508112
117 TextCluster_SVD46_H12           -0.102045        74054307
118 TextCluster_SVD47_H12            0.186884       215475728
119 TextCluster_SVD48_H12           -0.156476        82080834
120 TextCluster_SVD49_H12           -0.015918       144310381
121 TextCluster_SVD5_H12            -0.203592        37596908
122 TextCluster_SVD50_H12           -0.241950      -140958720
123 TextCluster_SVD51_H12           -0.139981      -212481778
124 TextCluster_SVD52_H12           -0.146795       160227209
125 TextCluster_SVD53_H12            0.018418      -488932636
126 TextCluster_SVD54_H12           -0.006644       253937747
127 TextCluster_SVD55_H12           -0.178030       146561641
128 TextCluster_SVD6_H12             0.079994      -301030608
129 TextCluster_SVD7_H12            -0.202383      -181614699
130 TextCluster_SVD8_H12            -0.130684       170721800
131 TextCluster_SVD9_H12            -0.013362      -203106454
132 TextTopic_raw1_H12               0.038707      -249191941
133 TextTopic_raw10_H12              0.008112        44314078
134 TextTopic_raw11_H12             -0.071487       374470151
135 TextTopic_raw12_H12             -0.168941      -120772805
136 TextTopic_raw13_H12             -0.036266       -65245584
137 TextTopic_raw14_H12             -0.020519      -468169162
138 TextTopic_raw15_H12              0.000270        -5199979
139 TextTopic_raw2_H12              -0.088952       -85397604
140 TextTopic_raw3_H12               0.131124       188557241
141 TextTopic_raw4_H12              -0.082617         -450216
142 TextTopic_raw5_H12              -0.244082       372073408
143 TextTopic_raw6_H12               0.107043       -95011369
144 TextTopic_raw7_H12               0.010176       179413099
145 TextTopic_raw8_H12              -0.210533      -263232921
146 TextTopic_raw9_H12              -0.117289      -196701484
147 Character_Count_H13              0.071981      2136791493
148 Comments_Count_H13               0.327776      3729780721
149 Likes_Count_H13                  0.306051      1634856614
150 TextCluster_SVD1_H13             0.029051      2976628958
151 TextCluster_SVD10_H13            0.132030       252013098
152 TextCluster_SVD11_H13           -0.073385     -1466749347
153 TextCluster_SVD12_H13            0.049072      1722594998
154 TextCluster_SVD13_H13           -0.049579       417064074
155 TextCluster_SVD14_H13           -0.052501      1026593923
156 TextCluster_SVD15_H13            0.007344       769584168
157 TextCluster_SVD16_H13            0.116117        78004234
158 TextCluster_SVD17_H13            0.072529      2057336057
159 TextCluster_SVD18_H13           -0.073135       224406472
160 TextCluster_SVD19_H13           -0.063967      -563905567
161 TextCluster_SVD2_H13            -0.097899      -822115112
162 TextCluster_SVD20_H13            0.116987       848501038
163 TextCluster_SVD21_H13            0.140346     -3115438607
164 TextCluster_SVD22_H13            0.101984      -832845812
165 TextCluster_SVD23_H13            0.024148      -797823581
166 TextCluster_SVD24_H13           -0.178924      -184027969
167 TextCluster_SVD25_H13            0.012112      -777684963
168 TextCluster_SVD26_H13            0.068639      -905396616
169 TextCluster_SVD27_H13           -0.028386       519098764
170 TextCluster_SVD28_H13            0.082737       -64319010
171 TextCluster_SVD29_H13            0.116300      1479143752
172 TextCluster_SVD3_H13            -0.213614      -957775746
173 TextCluster_SVD30_H13           -0.091599      1836542714
174 TextCluster_SVD31_H13            0.056587      1088660627
175 TextCluster_SVD32_H13            0.047533       589351413
176 TextCluster_SVD33_H13            0.015757       842545407
177 TextCluster_SVD34_H13            0.069622       727426521
178 TextCluster_SVD35_H13           -0.096607       310530101
179 TextCluster_SVD36_H13            0.074524      -895276574
180 TextCluster_SVD37_H13           -0.147766       941763034
181 TextCluster_SVD38_H13            0.031819       577997918
182 TextCluster_SVD39_H13            0.060956      1381098273
183 TextCluster_SVD4_H13            -0.022883      2259549377
184 TextCluster_SVD40_H13           -0.205845      -547386472
185 TextCluster_SVD41_H13           -0.058854      -332178542
186 TextCluster_SVD42_H13           -0.080994      -122651079
187 TextCluster_SVD43_H13            0.116211       107257781
188 TextCluster_SVD44_H13            0.029856      1190889631
189 TextCluster_SVD45_H13           -0.011694     -1757412852
190 TextCluster_SVD46_H13           -0.083835      -357612007
191 TextCluster_SVD47_H13            0.062527       560747011
192 TextCluster_SVD48_H13           -0.140263      -180737562
193 TextCluster_SVD49_H13           -0.086326     -1044471375
194 TextCluster_SVD5_H13             0.153972       657823736
195 TextCluster_SVD50_H13            0.080186       838012777
196 TextCluster_SVD51_H13            0.091445        85030467
197 TextCluster_SVD52_H13            0.114565     -1469446029
198 TextCluster_SVD53_H13            0.118624       950633381
199 TextCluster_SVD54_H13           -0.046772      -745258671
200 TextCluster_SVD55_H13            0.099882       221019544
201 TextCluster_SVD6_H13             0.179050      1162009535
202 TextCluster_SVD7_H13             0.030490       614516397
203 TextCluster_SVD8_H13             0.088413      -124832039
204 TextCluster_SVD9_H13            -0.048463      -106043814
205 TextTopic_raw1_H13              -0.236305      1100685658
206 TextTopic_raw10_H13             -0.080824      -197649012
207 TextTopic_raw11_H13              0.072856      -228413919
208 TextTopic_raw12_H13             -0.158339       375220306
209 TextTopic_raw13_H13              0.146119      1428291387
210 TextTopic_raw14_H13              0.023134      1973423643
211 TextTopic_raw15_H13              0.172386      1590409945
212 TextTopic_raw2_H13               0.095495      1745024805
213 TextTopic_raw3_H13              -0.144988      -847112498
214 TextTopic_raw4_H13              -0.138672       450531634
215 TextTopic_raw5_H13               0.049543      -271609207
216 TextTopic_raw6_H13              -0.086574      1144838567
217 TextTopic_raw7_H13              -0.172365      -375776188
218 TextTopic_raw8_H13               0.107281      1232888760
219 TextTopic_raw9_H13              -0.138615       306697872
220 Includes_HashtagFALSE_H11       -0.175914     -1390267204
221 Media_Typecarousel_H11          -0.052229       328040678
222 Media_Typeimage_H11              0.022313      -310922237
223 Includes_HashtagFALSE_H12        0.078294       331651124
224 Media_Typecarousel_H12          -0.203666       363063109
225 Media_Typeimage_H12             -0.162654       413023094
226 Includes_HashtagFALSE_H13        0.170077     -2266158993
227 Media_Typecarousel_H13           0.039990       350203598
228 Media_Typeimage_H13             -0.167898      -445473134
229 BIAS_H11                        -0.078490     -1544922008
230 BIAS_H12                         0.950553       339311609
231 BIAS_H13                         0.487737     -2492123642
232 H11_Total_Actions                  257221           60405
233 H12_Total_Actions                  -77764    -9449.086451
234 H13_Total_Actions                  221310     4215.182643
235 BIAS_Total_Actions                 299134          -11778

Value of Objective Function = 10944306017

 
                                                                                                                                                                                                                                                                
 
 

The NEURAL Procedure

Dual Quasi-Newton Optimization


Minimum Iterations                                0
Maximum Iterations                               50
Maximum Function Calls                   2147483647
Maximum CPU Time                              14400
ABSGCONV Gradient Criterion                 0.00001
GCONV Gradient Criterion                       1E-8
ABSFCONV Function Criterion                       0
FCONV Function Criterion                     0.0001
FCONV2 Function Criterion                         0
FSIZE Parameter                                   0
ABSXCONV Parameter Change Criterion               0
XCONV Parameter Change Criterion                  0
XSIZE Parameter                                   0
ABSCONV Function Criterion             31162361.253
Line Search Method                                2
Starting Alpha for Line Search                    1
Line Search Precision LSPRECISION               0.4
DAMPSTEP Parameter for Line Search                .
Singularity Tolerance (SINGULAR)               1E-8

Dual Quasi-Newton Optimization

Dual Broyden - Fletcher - Goldfarb - Shanno Update (DBFGS)

Parameter Estimates             235

                                             Optimization Start

Active Constraints                                  0  Objective Function                        10944306017
Max Abs Gradient Element                 3730102756.3                                                       


                                                                 Objective     Max Abs                Slope of
                     Function         Active        Objective     Function    Gradient       Step       Search
Iter     Restarts       Calls    Constraints         Function       Change     Element       Size    Direction

   1            0          26              0       9433521627     1.5108E9    2.7387E9    1.41E-9      -214E16
   2            0          39              0       8223277241     1.2102E9    3.8221E9    1.68E-6      -145E13
   3            0          52              0       6685097528     1.5382E9    3.6942E9    1.88E-6       -12E14
   4            0          68              0       5585672623     1.0994E9    5.4623E9    1.72E-6      -194E13
   5            0          82              0       4837897208     7.4778E8    6.1575E9    7.23E-7       -15E14
   6            0          95              0       4599670856     2.3823E8    6.7175E9    2.17E-6      -741E12
   7            0         109              0       4327844305     2.7183E8    6.7539E9    9.38E-7      -555E12
   8            0         122              0       4070849859     2.5699E8    6.2955E9    1.37E-6      -371E12
   9            0         135              0       3927569330     1.4328E8    6.5818E9    1.81E-6      -483E12
  10            0         148              0       3742716961     1.8485E8    5.9882E9    1.26E-6      -368E12
  11            0         161              0       3623924687     1.1879E8    5.3841E9    9.02E-7      -266E12
  12            0         173              0       3532120342     91804345    5.0209E9    9.62E-7        -2E14
  13            0         185              0       3472435217     59685125    5.0977E9     1.1E-6      -108E12
  14            0         197              0       3375160558     97274659    3.5767E9    1.51E-6      -144E12
  15            0         209              0       3313394140     61766418    2.8648E9    1.58E-6      -142E12
  16            0         220              0       3264047846     49346294    2.7853E9    1.91E-6      -995E11
  17            0         232              0       3187280984     76766862    2.5845E9    1.37E-6      -113E12
  18            0         244              0       3097415152     89865832     3.312E9     1.6E-6      -109E12
  19            0         255              0       3048977776     48437376    3.7325E9     1.7E-6      -815E11
  20            0         266              0       3004957947     44019828    3.8439E9    1.27E-6      -757E11
  21            0         277              0       2951656918     53301030    4.1553E9    1.56E-6      -677E11
  22            0         288              0       2893212115     58444803    3.9646E9     1.7E-6      -719E11
  23            0         299              0       2846724913     46487202    3.2958E9    1.57E-6      -686E11
  24            0         310              0       2816628548     30096365    3.1735E9    1.07E-6      -588E11
  25            0         320              0       2786240180     30388368    3.1372E9    2.27E-6       -41E12
  26            0         330              0       2744396309     41843871    3.2789E9    2.36E-6      -358E11
  27            0         341              0       2715358605     29037704    3.4547E9     1.8E-6        -9E13
  28            0         352              0       2674611778     40746827     3.004E9    1.57E-6      -619E11
  29            0         363              0       2643627496     30984282    3.0802E9    1.57E-6      -392E11
  30            0         373              0       2615807478     27820018    3.1109E9    1.72E-6       -31E12
  31            0         383              0       2590955796     24851682    2.9931E9    1.67E-6      -297E11
  32            0         393              0       2560232972     30722824     3.075E9    2.76E-6      -215E11
  33            0         403              0       2521552418     38680554    3.1968E9    2.69E-6      -325E11
  34            0         413              0       2500282710     21269708     3.042E9    1.47E-6      -287E11
  35            0         423              0       2482370383     17912326     3.009E9    1.95E-6      -183E11
  36            0         433              0       2460455319     21915065    2.9572E9    2.28E-6      -191E11
  37            0         442              0       2447751299     12704020    3.0499E9    3.43E-6      -157E11
  38            0         451              0       2433816137     13935162     3.038E9    2.29E-6      -118E11
  39            0         460              0       2423924393      9891744    3.0469E9     1.9E-6      -102E11
  40            0         469              0       2414249548      9674845    3.0477E9    2.27E-6      -8454E9
  41            0         478              0       2398663558     15585990    2.9574E9    3.59E-6      -9837E9
  42            0         487              0       2388717885      9945673    2.9816E9    1.83E-6       -11E12
  43            0         496              0       2380816171      7901714    2.8894E9    2.75E-6      -5771E9
  44            0         505              0       2366967763     13848408    2.8385E9    3.21E-6      -8407E9
  45            0         514              0       2359833999      7133765    2.8652E9    1.76E-6      -7968E9
  46            0         522              0       2351884566      7949432    2.8731E9    3.42E-6      -4828E9
  47            0         531              0       2341785076     10099490    2.8195E9    2.63E-6      -7599E9
  48            0         540              0       2335301166      6483911    2.9101E9    1.89E-6      -6778E9
  49            0         548              0       2328656130      6645035    2.8698E9    3.57E-6      -3636E9
  50            0         557              0       2319192269      9463861    2.9191E9    2.35E-6      -7674E9

                                            Optimization Results

Iterations                                         50  Function Calls                                    559
Gradient Calls                                     53  Active Constraints                                  0
Objective Function                       2319192268.7  Max Abs Gradient Element                 2919068537.1
Slope of Search Direction                -7.674222E12                                                       

QUANEW needs more than 50 iterations or 2147483647 function calls.                                

WARNING: QUANEW Optimization cannot be completed.

 
                                                                                                                                                                                                                                                                
 
 

The NEURAL Procedure

                     Optimization Results
                     Parameter Estimates
                                                     Gradient
                                                    Objective
  N Parameter                        Estimate        Function

  1 Character_Count_H11              0.069316       623071915
  2 Comments_Count_H11               0.125427      -516318303
  3 Likes_Count_H11                  0.428772     -1838098271
  4 TextCluster_SVD1_H11             0.210879      -285573008
  5 TextCluster_SVD10_H11            0.101578        51841461
  6 TextCluster_SVD11_H11           -0.093654      -820460189
  7 TextCluster_SVD12_H11            0.032776      -141580090
  8 TextCluster_SVD13_H11            0.134713       582788848
  9 TextCluster_SVD14_H11            0.070921       -29210252
 10 TextCluster_SVD15_H11           -0.028227      -533935366
 11 TextCluster_SVD16_H11           -0.016285      -516780691
 12 TextCluster_SVD17_H11            0.067104       300291792
 13 TextCluster_SVD18_H11           -0.059666       -88329272
 14 TextCluster_SVD19_H11           -0.044806     -1099805329
 15 TextCluster_SVD2_H11             0.029905        -8754566
 16 TextCluster_SVD20_H11            0.022441      -816743802
 17 TextCluster_SVD21_H11           -0.145300      -831271468
 18 TextCluster_SVD22_H11           -0.044727       164378317
 19 TextCluster_SVD23_H11           -0.009622       801320856
 20 TextCluster_SVD24_H11           -0.038911       829071060
 21 TextCluster_SVD25_H11           -0.045003         6604036
 22 TextCluster_SVD26_H11           -0.079845     -1435858481
 23 TextCluster_SVD27_H11            0.079780      -141266133
 24 TextCluster_SVD28_H11            0.016642       -94983980
 25 TextCluster_SVD29_H11            0.025071       801237088
 26 TextCluster_SVD3_H11            -0.056648      -797921308
 27 TextCluster_SVD30_H11           -0.006350       444104381
 28 TextCluster_SVD31_H11           -0.058027       -92357830
 29 TextCluster_SVD32_H11            0.021199       114425863
 30 TextCluster_SVD33_H11            0.016042       244913475
 31 TextCluster_SVD34_H11            0.058913       591257030
 32 TextCluster_SVD35_H11            0.010868      -173222255
 33 TextCluster_SVD36_H11           -0.008521      -644040256
 34 TextCluster_SVD37_H11            0.071079      -261500677
 35 TextCluster_SVD38_H11            0.004951        40666608
 36 TextCluster_SVD39_H11            0.094857      1151615179
 37 TextCluster_SVD4_H11             0.022359     -1030503756
 38 TextCluster_SVD40_H11            0.027824       787325152
 39 TextCluster_SVD41_H11           -0.021369      -450960964
 40 TextCluster_SVD42_H11            0.048600       520879145
 41 TextCluster_SVD43_H11           -0.075183      -280237923
 42 TextCluster_SVD44_H11            0.049881       266034677
 43 TextCluster_SVD45_H11           -0.096022       182492229
 44 TextCluster_SVD46_H11            0.055902      -296990198
 45 TextCluster_SVD47_H11           -0.048720       -47412598
 46 TextCluster_SVD48_H11           -0.112192      -367180993
 47 TextCluster_SVD49_H11            0.000646       -73878498
 48 TextCluster_SVD5_H11             0.131716       851002470
 49 TextCluster_SVD50_H11            0.014764       -13014168
 50 TextCluster_SVD51_H11           -0.005628      -399926657
 51 TextCluster_SVD52_H11            0.011360       -38815129
 52 TextCluster_SVD53_H11            0.113008      -139759393
 53 TextCluster_SVD54_H11           -0.045694        -3098045
 54 TextCluster_SVD55_H11           -0.013281      -386755755
 55 TextCluster_SVD6_H11             0.100516       271983483
 56 TextCluster_SVD7_H11             0.020470      -492813653
 57 TextCluster_SVD8_H11            -0.143750      -403281914
 58 TextCluster_SVD9_H11             0.034351       -95609660
 59 TextTopic_raw1_H11              -0.032344     -1104664313
 60 TextTopic_raw10_H11              0.011999      -536946927
 61 TextTopic_raw11_H11             -0.059028       621128719
 62 TextTopic_raw12_H11             -0.002632       -99775360
 63 TextTopic_raw13_H11             -0.049964       275874378
 64 TextTopic_raw14_H11              0.068810       449210497
 65 TextTopic_raw15_H11              0.067721      -389155332
 66 TextTopic_raw2_H11              -0.046614       176123964
 67 TextTopic_raw3_H11              -0.271283      -145220928
 68 TextTopic_raw4_H11              -0.109476       337475835
 69 TextTopic_raw5_H11               0.154023      -273234536
 70 TextTopic_raw6_H11              -0.032459        80359878
 71 TextTopic_raw7_H11              -0.067710      -174755016
 72 TextTopic_raw8_H11              -0.001031       163629051
 73 TextTopic_raw9_H11               0.134745      1685277603
 74 Character_Count_H12              0.314878         2099761
 75 Comments_Count_H12               0.249635       -27141547
 76 Likes_Count_H12                 -2.600864       -73865567
 77 TextCluster_SVD1_H12             0.302884       -45040026
 78 TextCluster_SVD10_H12           -0.020858       -30933856
 79 TextCluster_SVD11_H12           -0.402083       -71224537
 80 TextCluster_SVD12_H12            0.106416        76616390
 81 TextCluster_SVD13_H12            0.365594       -50878302
 82 TextCluster_SVD14_H12            0.190986        91998444
 83 TextCluster_SVD15_H12           -0.088835        60853374
 84 TextCluster_SVD16_H12            0.041309       107698966
 85 TextCluster_SVD17_H12           -0.117025      -100481458
 86 TextCluster_SVD18_H12            0.063540        41609520
 87 TextCluster_SVD19_H12            0.046406        63718953
 88 TextCluster_SVD2_H12            -0.069111         -818107
 89 TextCluster_SVD20_H12           -0.041033       -43115534
 90 TextCluster_SVD21_H12           -0.548579        16943636
 91 TextCluster_SVD22_H12           -0.380151       -95336237
 92 TextCluster_SVD23_H12           -0.127720       -55175893
 93 TextCluster_SVD24_H12           -0.271673      -116313192
 94 TextCluster_SVD25_H12           -0.305917       -63087720
 95 TextCluster_SVD26_H12           -0.591567       -95214896
 96 TextCluster_SVD27_H12            0.542974        66751954
 97 TextCluster_SVD28_H12            0.215735        85700139
 98 TextCluster_SVD29_H12            0.079123       -31280407
 99 TextCluster_SVD3_H12            -0.205941       108261770
100 TextCluster_SVD30_H12           -0.097524       -38805051
101 TextCluster_SVD31_H12           -0.072254        25098434
102 TextCluster_SVD32_H12            0.025589           82746
103 TextCluster_SVD33_H12            0.183630       -12226297
104 TextCluster_SVD34_H12            0.001143       -85423923
105 TextCluster_SVD35_H12            0.239680       105340988
106 TextCluster_SVD36_H12           -0.232854       -15858561
107 TextCluster_SVD37_H12            0.330084        90062512
108 TextCluster_SVD38_H12            0.011253        -8820051
109 TextCluster_SVD39_H12            0.071487      -123235800
110 TextCluster_SVD4_H12             0.240862        70945153
111 TextCluster_SVD40_H12            0.075800      -100721503
112 TextCluster_SVD41_H12           -0.077357        33890004
113 TextCluster_SVD42_H12            0.196759         9573903
114 TextCluster_SVD43_H12           -0.349708       -35839042
115 TextCluster_SVD44_H12            0.211435         -984712
116 TextCluster_SVD45_H12           -0.443963       -46756193
117 TextCluster_SVD46_H12            0.199177        48874177
118 TextCluster_SVD47_H12           -0.254759       -92236186
119 TextCluster_SVD48_H12           -0.275058        34858793
120 TextCluster_SVD49_H12            0.093222        95211079
121 TextCluster_SVD5_H12             0.256225      -126984614
122 TextCluster_SVD50_H12           -0.084110        -8954593
123 TextCluster_SVD51_H12            0.034559        48635026
124 TextCluster_SVD52_H12           -0.032638       -21231109
125 TextCluster_SVD53_H12            0.544438       104490179
126 TextCluster_SVD54_H12           -0.206449       -73893470
127 TextCluster_SVD55_H12           -0.189645       -61457745
128 TextCluster_SVD6_H12             0.195754        -2413687
129 TextCluster_SVD7_H12             0.209409        53085138
130 TextCluster_SVD8_H12            -0.219611       -73746527
131 TextCluster_SVD9_H12             0.114566        53697681
132 TextTopic_raw1_H12              -0.036007       107086340
133 TextTopic_raw10_H12             -0.027474        38821420
134 TextTopic_raw11_H12              0.035717       -76972593
135 TextTopic_raw12_H12             -0.006997        16566203
136 TextTopic_raw13_H12             -0.307485      -117176085
137 TextTopic_raw14_H12              0.249413        87429032
138 TextTopic_raw15_H12             -0.320004        25704808
139 TextTopic_raw2_H12              -0.160727       -61908126
140 TextTopic_raw3_H12               0.079280        -2462129
141 TextTopic_raw4_H12              -0.129027       -79830695
142 TextTopic_raw5_H12              -0.406722      -112268804
143 TextTopic_raw6_H12               0.139350        34459067
144 TextTopic_raw7_H12              -0.317406       -88330422
145 TextTopic_raw8_H12               0.006199       -31147932
146 TextTopic_raw9_H12               0.268840        24154294
147 Character_Count_H13             -0.059516      -134872713
148 Comments_Count_H13              -0.067048     -2713705015
149 Likes_Count_H13                  0.235998     -2919068537
150 TextCluster_SVD1_H13            -0.281512      -558007672
151 TextCluster_SVD10_H13           -0.143382      -100163297
152 TextCluster_SVD11_H13            0.086545      -450099532
153 TextCluster_SVD12_H13           -0.032346      -473720986
154 TextCluster_SVD13_H13           -0.141909       440590396
155 TextCluster_SVD14_H13           -0.082101      -153060156
156 TextCluster_SVD15_H13            0.033096      -359538933
157 TextCluster_SVD16_H13            0.003729      -506280050
158 TextCluster_SVD17_H13           -0.092922        90749818
159 TextCluster_SVD18_H13            0.077695       296815069
160 TextCluster_SVD19_H13            0.035746      -532331409
161 TextCluster_SVD2_H13            -0.059911        90845844
162 TextCluster_SVD20_H13           -0.035402     -1079942016
163 TextCluster_SVD21_H13            0.130294      -311781795
164 TextCluster_SVD22_H13            0.030161       194262180
165 TextCluster_SVD23_H13            0.022756       663980652
166 TextCluster_SVD24_H13            0.056385       649629650
167 TextCluster_SVD25_H13            0.035271      -146384663
168 TextCluster_SVD26_H13            0.033432      -955815760
169 TextCluster_SVD27_H13           -0.056947      -328679478
170 TextCluster_SVD28_H13           -0.012252      -284504476
171 TextCluster_SVD29_H13           -0.036155       138172724
172 TextCluster_SVD3_H13             0.056930      -206073662
173 TextCluster_SVD30_H13            0.006980       263428006
174 TextCluster_SVD31_H13            0.077973        62275270
175 TextCluster_SVD32_H13           -0.025979       -38721315
176 TextCluster_SVD33_H13            0.002179       325569595
177 TextCluster_SVD34_H13           -0.076602       558829382
178 TextCluster_SVD35_H13           -0.000428      -231374615
179 TextCluster_SVD36_H13           -0.018920      -316977846
180 TextCluster_SVD37_H13           -0.066029      -368068882
181 TextCluster_SVD38_H13           -0.008733       -72382715
182 TextCluster_SVD39_H13           -0.100257       659648557
183 TextCluster_SVD4_H13            -0.048935      -908043240
184 TextCluster_SVD40_H13           -0.020263       612993110
185 TextCluster_SVD41_H13            0.012613      -254469801
186 TextCluster_SVD42_H13           -0.040484       533086368
187 TextCluster_SVD43_H13            0.068475      -245956966
188 TextCluster_SVD44_H13           -0.053263      -155621416
189 TextCluster_SVD45_H13            0.088074       310334728
190 TextCluster_SVD46_H13           -0.072832      -276553961
191 TextCluster_SVD47_H13            0.047058       -29609409
192 TextCluster_SVD48_H13            0.133893       112564235
193 TextCluster_SVD49_H13            0.003020        31567503
194 TextCluster_SVD5_H13            -0.147992        10123950
195 TextCluster_SVD50_H13           -0.025987      -123116299
196 TextCluster_SVD51_H13            0.013370      -206438043
197 TextCluster_SVD52_H13           -0.025898      -189402023
198 TextCluster_SVD53_H13           -0.104628      -598413459
199 TextCluster_SVD54_H13            0.046208        61370055
200 TextCluster_SVD55_H13           -0.006308      -183090359
201 TextCluster_SVD6_H13            -0.083647       175359628
202 TextCluster_SVD7_H13            -0.023140      -360833319
203 TextCluster_SVD8_H13             0.156414      -198206627
204 TextCluster_SVD9_H13            -0.063992      -208435964
205 TextTopic_raw1_H13               0.054275      -643441937
206 TextTopic_raw10_H13             -0.024288      -644040800
207 TextTopic_raw11_H13              0.082826       546268206
208 TextTopic_raw12_H13              0.003686      -216780714
209 TextTopic_raw13_H13              0.036761      -150837666
210 TextTopic_raw14_H13             -0.069211        -5998514
211 TextTopic_raw15_H13             -0.121835      -742904543
212 TextTopic_raw2_H13               0.060539      -199614226
213 TextTopic_raw3_H13               0.564079      -263439406
214 TextTopic_raw4_H13               0.173827       153902114
215 TextTopic_raw5_H13              -0.248580      -362769262
216 TextTopic_raw6_H13               0.022623       -20721869
217 TextTopic_raw7_H13               0.053329        40174451
218 TextTopic_raw8_H13               0.015877        36588414
219 TextTopic_raw9_H13              -0.144026      1160461475
220 Includes_HashtagFALSE_H11       -0.117737      1962966714
221 Media_Typecarousel_H11          -0.126091     -1545371577
222 Media_Typeimage_H11             -0.166206     -1638062940
223 Includes_HashtagFALSE_H12        0.268243      -204447474
224 Media_Typecarousel_H12          -0.689384       -30302176
225 Media_Typeimage_H12             -0.331475        -7876053
226 Includes_HashtagFALSE_H13        0.174575      2001496522
227 Media_Typecarousel_H13           0.107503     -1393853584
228 Media_Typeimage_H13              0.193616     -1432854092
229 BIAS_H11                        -0.302828      2060753630
230 BIAS_H12                         1.237096      -223395697
231 BIAS_H13                         0.621457      2066497061
232 H11_Total_Actions                  257221          -12012
233 H12_Total_Actions                  -77764     5258.958865
234 H13_Total_Actions                  221310     5315.058823
235 BIAS_Total_Actions                 299134           13330

Value of Objective Function = 2319192268.7

