*------------------------------------------------------------*
* Training Log
Date:                May 06, 2020
Time:                15:54:24
*------------------------------------------------------------*
10865  proc freq data=EMWS2.Neural_VariableSet noprint;
10866  table ROLE*LEVEL/out=WORK.NeuralMETA;
10867  run;

NOTE: There were 88 observations read from the data set EMWS2.NEURAL_VARIABLESET.
NOTE: The data set WORK.NEURALMETA has 4 observations and 4 variables.
NOTE: PROCEDURE FREQ used (Total process time):
      real time           0.07 seconds
      cpu time            0.00 seconds
      

10868  proc print data=WORK.NeuralMETA label noobs;
10869  var ROLE LEVEL COUNT;
10870  label ROLE = "%sysfunc(sasmsg(sashelp.dmine, meta_role_vlabel, NOQUOTE))" LEVEL = "%sysfunc(sasmsg(sashelp.dmine, meta_level_vlabel, NOQUOTE))" COUNT = "%sysfunc(sasmsg(sashelp.dmine, rpt_count_vlabel, NOQUOTE))";
10871  title9 ' ';
10872  title10 "%sysfunc(sasmsg(sashelp.dmine, rpt_varSummary_title  , NOQUOTE))";
10873  run;

NOTE: There were 4 observations read from the data set WORK.NEURALMETA.
NOTE: The PROCEDURE PRINT printed page 1.
NOTE: PROCEDURE PRINT used (Total process time):
      real time           0.01 seconds
      cpu time            0.00 seconds
      

10874  title10;

10875  %let EMNORLEN = %DMNORLEN;
EMWS2.TextTopic_TRAIN EMWS2.TextTopic_TRAIN 
EMWS2.TextTopic_TRAIN EMWS2.TextTopic_TRAIN EMWS2 TextTopic_TRAIN 
EMWS2.TextTopic_TRAIN EMWS2.TextTopic_TRAIN 
EMWS2.TextTopic_TRAIN EMWS2.TextTopic_TRAIN EMWS2 TextTopic_TRAIN 
Executing  SASHELP.EMCORE.EMINFOITERATOR.SCL _INIT >> 
Executing  SASHELP.EMCORE.EMINFOITERATOR.SCL setMetaData >> 
Executing  SASHELP.EMCORE.EMINFOITERATOR.SCL next >> 
Executing  SASHELP.EMCORE.EMINFOITERATOR.SCL setMetaData >> 
Executing  SASHELP.EMCORE.EMINFOITERATOR.SCL next >> 
Executing  SASHELP.EMCORE.EMINFOITERATOR.SCL _term >> 
>>>>>>>>>>>>>> TARGET(   NAME='Total_Actions' 
                         ROLE='TARGET' 
                         LEVEL='INTERVAL' 
                         ORDER='' 
                         CREATOR='' 
                         FORMATTYPE='QUANTITY' 
                         FAMILY='' 
                         LOWERLIMIT=. 
                         UPPERLIMIT=. 
                         REPORT='N' 
                         DISTRIBUTION='' 
                         COMMENT='' 
                         PRICE=. 
                         TYPE='N' 
                         LABEL='Total Actions' 
                         FORMAT='' 
                         INFORMAT='' 
                         INDEX='N' 
                         INDEXTYPE='NONE' 
                         LENGTH=8 
                         USE='Y' 
                      )[11309] 
PERFORMANCE  DETAILS
WORK.EM_DMDB WORK.EM_DMDB 
WORK.EM_DMDB WORK.EM_DMDB WORK EM_DMDB 
"No decisions defined for target "Total_Actions"." 
10936  proc print data = EMWS2.Neural_Total_Actions_DM noobs label;
10937  var _type_ variable label;
10938  where _type_ ^in('MATRIX', 'DECISION', 'TRAINPRIOR', 'DATAPRIOR', 'DECPRIOR');
10939  label _TYPE_ = "%sysfunc(sasmsg(sashelp.dmine, rpt_type_vlabel,     NOQUOTE))" VARIABLE = "%sysfunc(sasmsg(sashelp.dmine, rpt_variable_vlabel, NOQUOTE))" LABEL = "%sysfunc(sasmsg(sashelp.dmine, meta_label_vlabel, NOQUOTE))";
10940  title9 ' ';
10941  title10 "%sysfunc(sasmsg(sashelp.dmine, rpt_predDecVars_title  , NOQUOTE))";
10942  run;

NOTE: There were 3 observations read from the data set EMWS2.NEURAL_TOTAL_ACTIONS_DM.
      WHERE _type_ not in ('DATAPRIOR', 'DECISION', 'DECPRIOR', 'MATRIX', 'TRAINPRIOR');
NOTE: The PROCEDURE PRINT printed page 2.
NOTE: PROCEDURE PRINT used (Total process time):
      real time           0.00 seconds
      cpu time            0.01 seconds
      

10943  title10;

NOTE: There were 3 observations read from the data set EMWS2.NEURAL_TOTAL_ACTIONS_DD.
NOTE: The data set WORK.TOTAL_ACTIONS has 3 observations and 1 variables.
NOTE: There were 3 observations read from the data set EMWS2.NEURAL_TOTAL_ACTIONS_DD.
NOTE: The data set WORK.TOTAL_ACTIONS has 3 observations and 1 variables.
10953  *------------------------------------------------------------*;
10954  * Neural: Create decision matrix;
10955  *------------------------------------------------------------*;
10956  data WORK.Total_Actions(label="Total_Actions");
10957    length   Total_Actions                        8
10958             ;
10959  
10960    label    Total_Actions="Total Actions"
10961             ;
10962   Total_Actions=959;
10963  output;
10964   Total_Actions=1630003;
10965  output;
10966   Total_Actions=299133.635532493;
10967  output;
10968  ;
10969  run;

NOTE: The data set WORK.TOTAL_ACTIONS has 3 observations and 1 variables.
NOTE: DATA statement used (Total process time):
      real time           0.01 seconds
      cpu time            0.01 seconds
      

10970  proc datasets lib=work nolist;
10971  modify Total_Actions(type=PROFIT label=Total_Actions);
10972  run;

NOTE: MODIFY was successful for WORK.TOTAL_ACTIONS.DATA.
10973  quit;

NOTE: PROCEDURE DATASETS used (Total process time):
      real time           0.01 seconds
      cpu time            0.00 seconds
      

10974  data EM_Neural;
10975  set EMWS2.TextTopic_TRAIN(keep=
10976  Character_Count Comments_Count Includes_Hashtag Likes_Count Media_Type
10977  TextCluster_SVD1 TextCluster_SVD10 TextCluster_SVD11 TextCluster_SVD12
10978  TextCluster_SVD13 TextCluster_SVD14 TextCluster_SVD15 TextCluster_SVD16
10979  TextCluster_SVD17 TextCluster_SVD18 TextCluster_SVD19 TextCluster_SVD2
10980  TextCluster_SVD20 TextCluster_SVD21 TextCluster_SVD22 TextCluster_SVD23
10981  TextCluster_SVD24 TextCluster_SVD25 TextCluster_SVD26 TextCluster_SVD27
10982  TextCluster_SVD28 TextCluster_SVD29 TextCluster_SVD3 TextCluster_SVD30
10983  TextCluster_SVD31 TextCluster_SVD32 TextCluster_SVD33 TextCluster_SVD34
10984  TextCluster_SVD35 TextCluster_SVD36 TextCluster_SVD37 TextCluster_SVD38
10985  TextCluster_SVD39 TextCluster_SVD4 TextCluster_SVD40 TextCluster_SVD41
10986  TextCluster_SVD42 TextCluster_SVD43 TextCluster_SVD44 TextCluster_SVD45
10987  TextCluster_SVD46 TextCluster_SVD47 TextCluster_SVD48 TextCluster_SVD49
10988  TextCluster_SVD5 TextCluster_SVD50 TextCluster_SVD51 TextCluster_SVD52
10989  TextCluster_SVD53 TextCluster_SVD54 TextCluster_SVD55 TextCluster_SVD6
10990  TextCluster_SVD7 TextCluster_SVD8 TextCluster_SVD9 TextTopic_raw1
10991  TextTopic_raw10 TextTopic_raw11 TextTopic_raw12 TextTopic_raw13 TextTopic_raw14
10992  TextTopic_raw15 TextTopic_raw2 TextTopic_raw3 TextTopic_raw4 TextTopic_raw5
10993  TextTopic_raw6 TextTopic_raw7 TextTopic_raw8 TextTopic_raw9 Total_Actions);
10994  run;

NOTE: There were 4047 observations read from the data set EMWS2.TEXTTOPIC_TRAIN.
NOTE: The data set WORK.EM_NEURAL has 4047 observations and 76 variables.
NOTE: DATA statement used (Total process time):
      real time           0.03 seconds
      cpu time            0.01 seconds
      

10995  *------------------------------------------------------------* ;
10996  * Neural: DMDBClass Macro ;
10997  *------------------------------------------------------------* ;
10998  %macro DMDBClass;
10999      Includes_Hashtag(ASC) Media_Type(ASC)
11000  %mend DMDBClass;
11001  *------------------------------------------------------------* ;
11002  * Neural: DMDBVar Macro ;
11003  *------------------------------------------------------------* ;
11004  %macro DMDBVar;
11005      Character_Count Comments_Count Likes_Count TextCluster_SVD1 TextCluster_SVD10
11006     TextCluster_SVD11 TextCluster_SVD12 TextCluster_SVD13 TextCluster_SVD14
11007     TextCluster_SVD15 TextCluster_SVD16 TextCluster_SVD17 TextCluster_SVD18
11008     TextCluster_SVD19 TextCluster_SVD2 TextCluster_SVD20 TextCluster_SVD21
11009     TextCluster_SVD22 TextCluster_SVD23 TextCluster_SVD24 TextCluster_SVD25
11010     TextCluster_SVD26 TextCluster_SVD27 TextCluster_SVD28 TextCluster_SVD29
11011     TextCluster_SVD3 TextCluster_SVD30 TextCluster_SVD31 TextCluster_SVD32
11012     TextCluster_SVD33 TextCluster_SVD34 TextCluster_SVD35 TextCluster_SVD36
11013     TextCluster_SVD37 TextCluster_SVD38 TextCluster_SVD39 TextCluster_SVD4
11014     TextCluster_SVD40 TextCluster_SVD41 TextCluster_SVD42 TextCluster_SVD43
11015     TextCluster_SVD44 TextCluster_SVD45 TextCluster_SVD46 TextCluster_SVD47
11016     TextCluster_SVD48 TextCluster_SVD49 TextCluster_SVD5 TextCluster_SVD50
11017     TextCluster_SVD51 TextCluster_SVD52 TextCluster_SVD53 TextCluster_SVD54
11018     TextCluster_SVD55 TextCluster_SVD6 TextCluster_SVD7 TextCluster_SVD8
11019     TextCluster_SVD9 TextTopic_raw1 TextTopic_raw10 TextTopic_raw11 TextTopic_raw12
11020     TextTopic_raw13 TextTopic_raw14 TextTopic_raw15 TextTopic_raw2 TextTopic_raw3
11021     TextTopic_raw4 TextTopic_raw5 TextTopic_raw6 TextTopic_raw7 TextTopic_raw8
11022     TextTopic_raw9 Total_Actions
11023  %mend DMDBVar;
11024  *------------------------------------------------------------*;
11025  * Neural: Create DMDB;
11026  *------------------------------------------------------------*;
11027  proc dmdb batch data=WORK.EM_Neural
11028  dmdbcat=WORK.Neural_DMDB
11029  maxlevel = 513
11030  ;
11031  class %DMDBClass;
11032  var %DMDBVar;
11033  target
11034  Total_Actions
11035  ;
11036  run;

NOTE: Records processed = 4047   Memory used = 511K.
NOTE: There were 4047 observations read from the data set WORK.EM_NEURAL.
NOTE: PROCEDURE DMDB used (Total process time):
      real time           0.02 seconds
      cpu time            0.00 seconds
      

11037  quit;
11038  *--- end code ---*;

11039  *------------------------------------------------------------* ;
11040  * Neural: Interval Input Variables Macro ;
11041  *------------------------------------------------------------* ;
11042  %macro INTINPUTS;
11043      Character_Count Comments_Count Likes_Count TextCluster_SVD1 TextCluster_SVD10
11044     TextCluster_SVD11 TextCluster_SVD12 TextCluster_SVD13 TextCluster_SVD14
11045     TextCluster_SVD15 TextCluster_SVD16 TextCluster_SVD17 TextCluster_SVD18
11046     TextCluster_SVD19 TextCluster_SVD2 TextCluster_SVD20 TextCluster_SVD21
11047     TextCluster_SVD22 TextCluster_SVD23 TextCluster_SVD24 TextCluster_SVD25
11048     TextCluster_SVD26 TextCluster_SVD27 TextCluster_SVD28 TextCluster_SVD29
11049     TextCluster_SVD3 TextCluster_SVD30 TextCluster_SVD31 TextCluster_SVD32
11050     TextCluster_SVD33 TextCluster_SVD34 TextCluster_SVD35 TextCluster_SVD36
11051     TextCluster_SVD37 TextCluster_SVD38 TextCluster_SVD39 TextCluster_SVD4
11052     TextCluster_SVD40 TextCluster_SVD41 TextCluster_SVD42 TextCluster_SVD43
11053     TextCluster_SVD44 TextCluster_SVD45 TextCluster_SVD46 TextCluster_SVD47
11054     TextCluster_SVD48 TextCluster_SVD49 TextCluster_SVD5 TextCluster_SVD50
11055     TextCluster_SVD51 TextCluster_SVD52 TextCluster_SVD53 TextCluster_SVD54
11056     TextCluster_SVD55 TextCluster_SVD6 TextCluster_SVD7 TextCluster_SVD8
11057     TextCluster_SVD9 TextTopic_raw1 TextTopic_raw10 TextTopic_raw11 TextTopic_raw12
11058     TextTopic_raw13 TextTopic_raw14 TextTopic_raw15 TextTopic_raw2 TextTopic_raw3
11059     TextTopic_raw4 TextTopic_raw5 TextTopic_raw6 TextTopic_raw7 TextTopic_raw8
11060     TextTopic_raw9
11061  %mend INTINPUTS;
11062  *------------------------------------------------------------* ;
11063  * Neural: Binary Inputs Macro ;
11064  *------------------------------------------------------------* ;
11065  %macro BININPUTS;
11066  
11067  %mend BININPUTS;
11068  *------------------------------------------------------------* ;
11069  * Neural: Nominal Inputs Macro ;
11070  *------------------------------------------------------------* ;
11071  %macro NOMINPUTS;
11072      Includes_Hashtag Media_Type
11073  %mend NOMINPUTS;
11074  *------------------------------------------------------------* ;
11075  * Neural: Ordinal Inputs Macro ;
11076  *------------------------------------------------------------* ;
11077  %macro ORDINPUTS;
11078  
11079  %mend ORDINPUTS;
11080  *------------------------------------------------------------*;
11081  * Neural Network Training;
11082  ;
11083  *------------------------------------------------------------*;
11084  proc neural data=EM_Neural dmdbcat=WORK.Neural_DMDB
11085  validdata = EMWS2.TextTopic_VALIDATE
11086  random=12345
11087  ;
11088  nloptions
11089  ;
11090  performance alldetails noutilfile;
11091  netopts
11092  decay=0;
11093  input %INTINPUTS / level=interval id=intvl
11094  ;
11095  input %NOMINPUTS / level=nominal id=nom
11096  ;
11097  target
11098  Total_Actions
11099  / level=interval id=intervalTargets
11100  bias
11101  ;
11102  arch MLP
11103  Hidden=3
11104  ;
11105  Prelim 5 preiter=10
11106  pretime=3600
11107  Outest=EMWS2.Neural_PRELIM_OUTEST
11108  ;
NOTE:  Synchronizing the objectives and the Solution.
NOTE: QUANEW Optimization cannot be completed.
NOTE: QUANEW needs more than 10 iterations or 2147483647 function calls.
NOTE: QUANEW Optimization cannot be completed.
NOTE: QUANEW needs more than 10 iterations or 2147483647 function calls.
NOTE: QUANEW Optimization cannot be completed.
NOTE: QUANEW needs more than 10 iterations or 2147483647 function calls.
NOTE: QUANEW Optimization cannot be completed.
NOTE: QUANEW needs more than 10 iterations or 2147483647 function calls.
NOTE: QUANEW Optimization cannot be completed.
NOTE: QUANEW needs more than 10 iterations or 2147483647 function calls.
NOTE: The data set EMWS2.NEURAL_PRELIM_OUTEST has 11 observations and 250 variables.
11109  save network=EMWS2.Neural_NETWORK.dm_neural;
NOTE: Entry EMWS2.NEURAL_NETWORK.DM_NEURAL has been opened.
NOTE: Entry EMWS2.NEURAL_NETWORK.DM_NEURAL has been closed.
11110  train Maxiter=50
11111  maxtime=14400
11112  Outest=EMWS2.Neural_outest estiter=1
11113  Outfit=EMWS2.Neural_OUTFIT
11114  ;
WARNING: QUANEW Optimization cannot be completed.
NOTE: QUANEW needs more than 50 iterations or 2147483647 function calls.
NOTE: The data set EMWS2.NEURAL_OUTEST has 53 observations and 250 variables.
NOTE: The data set EMWS2.NEURAL_OUTFIT has 104 observations and 36 variables.
11115  run;

NOTE: The data set WORK.EM_NEURAL has 4047 observations and 76 variables.
NOTE: The data set EMWS2.TEXTTOPIC_VALIDATE has 1012 observations and 108 variables.
NOTE: Closing the Neural Application.
NOTE: The PROCEDURE NEURAL printed pages 3-6.
NOTE: PROCEDURE NEURAL used (Total process time):
      real time           8.39 seconds
      cpu time            7.81 seconds
      

11116  quit;

11117  proc sort data=EMWS2.Neural_OUTFIT(where=(_iter_ ne . and _NAME_="OVERALL")) out=fit_Neural;
11118  by _VAVERR_;
11119  run;

NOTE: There were 52 observations read from the data set EMWS2.NEURAL_OUTFIT.
      WHERE (_iter_ not = .) and (_NAME_='OVERALL');
NOTE: The data set WORK.FIT_NEURAL has 52 observations and 36 variables.
NOTE: PROCEDURE SORT used (Total process time):
      real time           0.01 seconds
      cpu time            0.00 seconds
      

11120  %GLOBAL ITER;
11121  data _null_;
11122  set fit_Neural(obs=1);
11123  call symput('ITER',put(_ITER_, 6.));
11124  run;

NOTE: There were 1 observations read from the data set WORK.FIT_NEURAL.
NOTE: DATA statement used (Total process time):
      real time           0.00 seconds
      cpu time            0.00 seconds
      

11125  data EMWS2.Neural_INITIAL;
11126  set EMWS2.Neural_outest(where=(_ITER_ eq &ITER and _OBJ_ ne .));
11127  run;

NOTE: There were 2 observations read from the data set EMWS2.NEURAL_OUTEST.
      WHERE (_ITER_=50) and (_OBJ_ not = .);
NOTE: The data set EMWS2.NEURAL_INITIAL has 2 observations and 250 variables.
NOTE: DATA statement used (Total process time):
      real time           0.08 seconds
      cpu time            0.03 seconds
      

11128  *------------------------------------------------------------*;
11129  * Neural Network Model Selection;
11130  ;
11131  *------------------------------------------------------------*;
11132  proc neural data=EM_Neural dmdbcat=WORK.Neural_DMDB
11133  validdata = EMWS2.TextTopic_VALIDATE
11134  network = EMWS2.Neural_NETWORK.dm_neural
11135  random=12345
11136  ;
NOTE: Entry EMWS2.NEURAL_NETWORK.DM_NEURAL has been opened.
NOTE: Entry EMWS2.NEURAL_NETWORK.DM_NEURAL has been closed.
11137  nloptions noprint;
11138  performance alldetails noutilfile;
11139  initial inest=EMWS2.Neural_INITIAL;
NOTE: The data set EMWS2.NEURAL_INITIAL has 2 observations and 250 variables.
11140  train tech=NONE;
NOTE: No optimization performed.
11141  code file="P:\DMBI_Project\Twitter_Insta_Content_Engineering\Workspaces\EMWS2\Neural\SCORECODE.sas"
11142  group=Neural
11143  ;
NOTE: External file P:\DMBI_Project\Twitter_Insta_Content_Engineering\Workspaces\EMWS2\Neural\SCORECODE.sas opened.
11144  ;
11145  code file="P:\DMBI_Project\Twitter_Insta_Content_Engineering\Workspaces\EMWS2\Neural\RESIDUALSCORECODE.sas"
11146  group=Neural
11147  residual
11148  ;
NOTE: External file P:\DMBI_Project\Twitter_Insta_Content_Engineering\Workspaces\EMWS2\Neural\RESIDUALSCORECODE.sas opened.
11149  ;
11150  score data=EMWS2.TextTopic_TRAIN out=_NULL_
11151  outfit=WORK.FIT1
11152  role=TRAIN
11153  outkey=EMWS2.Neural_OUTKEY;
NOTE: The data set EMWS2.NEURAL_OUTKEY has 83 observations and 8 variables.
NOTE: The data set EMWS2.TEXTTOPIC_TRAIN has 4047 observations and 108 variables.
NOTE: The data set WORK.FIT1 has 2 observations and 23 variables.
11154  score data=EMWS2.TextTopic_VALIDATE out=_NULL_
11155  outfit=WORK.FIT2
11156  role=VALID
11157  outkey=EMWS2.Neural_OUTKEY;
NOTE: The data set EMWS2.NEURAL_OUTKEY has 83 observations and 8 variables.
NOTE: The data set EMWS2.TEXTTOPIC_VALIDATE has 1012 observations and 108 variables.
NOTE: The data set WORK.FIT2 has 2 observations and 15 variables.
11158  run;

NOTE: The data set WORK.EM_NEURAL has 4047 observations and 76 variables.
NOTE: The data set EMWS2.TEXTTOPIC_VALIDATE has 1012 observations and 108 variables.
NOTE: Closing the Neural Application.
NOTE: PROCEDURE NEURAL used (Total process time):
      real time           1.00 seconds
      cpu time            0.14 seconds
      

11159  quit;
11160  data EMWS2.Neural_OUTFIT;
11161  merge WORK.FIT1 WORK.FIT2;
11162  run;

NOTE: There were 2 observations read from the data set WORK.FIT1.
NOTE: There were 2 observations read from the data set WORK.FIT2.
NOTE: The data set EMWS2.NEURAL_OUTFIT has 2 observations and 36 variables.
NOTE: DATA statement used (Total process time):
      real time           0.04 seconds
      cpu time            0.01 seconds
      

11163  data EMWS2.Neural_EMESTIMATE;
11164  set EMWS2.Neural_outest;
11165  if _type_ ^in('HESSIAN' 'GRAD');
11166  run;

NOTE: There were 53 observations read from the data set EMWS2.NEURAL_OUTEST.
NOTE: The data set EMWS2.NEURAL_EMESTIMATE has 52 observations and 250 variables.
NOTE: DATA statement used (Total process time):
      real time           0.04 seconds
      cpu time            0.00 seconds
      

11167  proc datasets lib=work nolist;
11168  delete EM_Neural;
11169  run;

NOTE: Deleting WORK.EM_NEURAL (memtype=DATA).
11170  quit;

NOTE: PROCEDURE DATASETS used (Total process time):
      real time           0.01 seconds
      cpu time            0.01 seconds
      

11171  data EMWS2.Neural_PLOTDS(where=(_iter_ ne . and _NAME_="OVERALL"));
11172  set fit_Neural;
11173  attrib _ITER_ label="%sysfunc(sasmsg(sashelp.dmine, rpt_trainiterations_vlabel  , NOQUOTE))";
11174  attrib _NAME_ label="%sysfunc(sasmsg(sashelp.dmine, rpt_varsel_label_name  , NOQUOTE))";
11175  run;

NOTE: There were 52 observations read from the data set WORK.FIT_NEURAL.
NOTE: The data set EMWS2.NEURAL_PLOTDS has 52 observations and 36 variables.
NOTE: DATA statement used (Total process time):
      real time           0.04 seconds
      cpu time            0.01 seconds
      

11176  proc sort data=EMWS2.Neural_PLOTDS;
11177  by _ITER_;
11178  run;

NOTE: There were 52 observations read from the data set EMWS2.NEURAL_PLOTDS.
NOTE: The data set EMWS2.NEURAL_PLOTDS has 52 observations and 36 variables.
NOTE: PROCEDURE SORT used (Total process time):
      real time           0.08 seconds
      cpu time            0.03 seconds
      

11179  data EMWS2.Neural_PLOTDS;
11180  set EMWS2.Neural_PLOTDS;
11181  drop _MISC_;
11182  drop _WRONG_;
11183  run;

NOTE: There were 52 observations read from the data set EMWS2.NEURAL_PLOTDS.
NOTE: The data set EMWS2.NEURAL_PLOTDS has 52 observations and 34 variables.
NOTE: DATA statement used (Total process time):
      real time           0.04 seconds
      cpu time            0.01 seconds
      

11184  data tempweight (drop= _tech_ _decay_ _seed_ _nobj_ _obj_ _objerr_ _averr_ _p_num_ where=(_type_ eq "PARMS" and _iter_ eq 50) );
11185  set EMWS2.Neural_EMESTIMATE;
11186  run;

NOTE: There were 52 observations read from the data set EMWS2.NEURAL_EMESTIMATE.
NOTE: The data set WORK.TEMPWEIGHT has 2 observations and 242 variables.
NOTE: DATA statement used (Total process time):
      real time           0.03 seconds
      cpu time            0.01 seconds
      

11187  proc sort;
11188  by _name_;
11189  run;

NOTE: There were 2 observations read from the data set WORK.TEMPWEIGHT.
NOTE: The data set WORK.TEMPWEIGHT has 2 observations and 242 variables.
NOTE: PROCEDURE SORT used (Total process time):
      real time           0.00 seconds
      cpu time            0.01 seconds
      

11190  proc transpose data=tempweight out=EMWS2.Neural_WEIGHTDS;
11191  by _name_;
11192  run;

NOTE: There were 2 observations read from the data set WORK.TEMPWEIGHT.
NOTE: The data set EMWS2.NEURAL_WEIGHTDS has 480 observations and 3 variables.
NOTE: PROCEDURE TRANSPOSE used (Total process time):
      real time           0.04 seconds
      cpu time            0.00 seconds
      

11193  data EMWS2.Neural_WEIGHTDS;
11194  set EMWS2.Neural_WEIGHTDS;
11195  FROM = trim(left(scan(_LABEL_, 1, '->')));
11196  TO = trim(left(scan(_LABEL_, 2, '>')));
11197  WEIGHT = COL1;
11198  if (TO eq '') or (FROM eq '') then delete;
11199  label _LABEL_ ="%sysfunc(sasmsg(sashelp.dmine, meta_label_vlabel  , NOQUOTE))" FROM = "%sysfunc(sasmsg(sashelp.dmine, rpt_from_vlabel  , NOQUOTE))" TO = "%sysfunc(sasmsg(sashelp.dmine, rpt_into_vlabel  , NOQUOTE))" WEIGHT =
11200     "%sysfunc(sasmsg(sashelp.dmine, rpt_weight_vlabel  , NOQUOTE))";
11201  keep FROM TO WEIGHT _LABEL_;
11202  run;

NOTE: There were 480 observations read from the data set EMWS2.NEURAL_WEIGHTDS.
NOTE: The data set EMWS2.NEURAL_WEIGHTDS has 470 observations and 4 variables.
NOTE: DATA statement used (Total process time):
      real time           0.08 seconds
      cpu time            0.03 seconds
      

11203  proc sort data=EMWS2.Neural_WEIGHTDS nodupkey;
11204  by _LABEL_;
11205  run;

NOTE: There were 470 observations read from the data set EMWS2.NEURAL_WEIGHTDS.
NOTE: 235 observations with duplicate key values were deleted.
NOTE: The data set EMWS2.NEURAL_WEIGHTDS has 235 observations and 4 variables.
NOTE: PROCEDURE SORT used (Total process time):
      real time           0.05 seconds
      cpu time            0.00 seconds
      

