 
                                                                                                                                                                                                                                                                
 
 
Fit Statistics

Target=Total_Actions Target Label=Total Actions

   Fit
Statistics    Statistics Label                            Train         Validation              Test

  _NOBS_      Sum of Frequencies                        2693.00             770.00            385.00
  _SUMW_      Sum of Case Weights Times Freq            2693.00             770.00            385.00
  _MAX_       Maximum Absolute Error                  148590.38          209317.52          88442.94
  _SSE_       Sum of Squared Errors             283233891486.08    177493523645.01    23935599742.75
  _ASE_       Average Squared Error                105174114.92       230511069.67       62170388.94
  _RASE_      Root Average Squared Error               10255.44           15182.59           7884.82
  _DIV_       Divisor for ASE                           2693.00             770.00            385.00
  _DFT_       Total Degrees of Freedom                  2693.00                .                 .  
 
                                                                                                                                                                                                                                                                
 
 
Assessment Score Rankings

Data Role=TRAIN Target Variable=Total_Actions Target Label=Total Actions

           Number of       Mean         Mean
Depth    Observations     Target     Predicted

   5          134        55986.17     37903.24
  10          135        44359.46     37046.07
  15          135        34895.78     35750.94
  20          134        20661.16     30110.12
  25          135        18886.52     28384.54
  30          135        14874.55     20103.34
  35          134        11639.55     12263.79
  40          135        10622.49      9119.19
  45          135         9038.44      8371.59
  50          134         8565.51      7848.46
  55          135         7409.00      7241.78
  60          135         6299.73      6463.50
  65          135         5535.04      5707.89
  70          134         4792.21      5082.84
  75          135         4413.84      4493.05
  80          135         3681.10      3876.93
  85          134         2845.54      3207.41
  90          135         2093.75      2620.24
  95          135         1596.44      2160.16
 100          134         1499.87      1653.47


Data Role=VALIDATE Target Variable=Total_Actions Target Label=Total Actions

           Number of       Mean         Mean
Depth    Observations     Target     Predicted

   5          39         51304.92     37757.19
  10          38         56533.18     36994.43
  15          39         53429.15     36393.92
  20          38         23235.53     31079.06
  25          39         20194.54     29152.98
  30          38         15305.16     22041.76
  35          39         11598.00     12658.12
  40          38         10144.24      9117.44
  45          39          9349.64      8434.69
  50          38          8480.24      7997.82
  55          39          7785.59      7425.77
  60          38          6482.97      6591.65
  65          39          5465.38      5767.95
  70          38          4677.05      5000.09
  75          39          3948.54      4315.25
  80          38          3529.05      3668.42
  85          39          2761.92      3137.42
  90          38          2024.39      2571.57
  95          39          1598.51      2027.35
 100          38          1368.32      1639.23
 
                                                                                                                                                                                                                                                                
 
 
Assessment Score Distribution

Data Role=TRAIN Target Variable=Total_Actions Target Label=Total Actions

                            Mean         Mean        Number of       Model
 Range for Predicted       Target     Predicted    Observations      Score

37667.975 -  39596.816    60653.40     38162.11          83        38632.40
35739.133 -  37667.975    43101.76     36896.07         282        36703.55
33810.292 -  35739.133    26315.81     35011.16          26        34774.71
31881.451 -  33810.292    25266.62     32630.23          13        32845.87
29952.609 -  31881.451    20795.95     30461.95          73        30917.03
28023.768 -  29952.609    19864.98     29178.07         171        28988.19
26094.927 -  28023.768    16349.77     27598.14          13        27059.35
24166.085 -  26094.927    15615.00     25526.88           6        25130.51
22237.244 -  24166.085    15972.12     22929.63          17        23201.66
20308.403 -  22237.244    15718.86     21095.43          58        21272.82
18379.561 -  20308.403    14238.60     19276.13          43        19343.98
16450.720 -  18379.561    13036.06     17521.50          48        17415.14
14521.879 -  16450.720    10683.22     15765.99           9        15486.30
12593.037 -  14521.879    12006.38     13617.65          13        13557.46
10664.196 -  12593.037    11918.75     11199.02          20        11628.62
8735.354 -  10664.196     10877.41      9470.13         190         9699.78
6806.513 -  8735.354       8342.94      7820.02         427         7770.93
4877.672 -  6806.513       5559.20      5768.13         374         5842.09
2948.830 -  4877.672       3721.69      3935.51         410         3913.25
1019.989 -  2948.830       1760.52      2169.98         417         1984.41


Data Role=VALIDATE Target Variable=Total_Actions Target Label=Total Actions

                            Mean         Mean        Number of       Model
 Range for Predicted       Target     Predicted    Observations      Score

37033.779 -  38918.682    54309.00     37570.30          56        37976.23
35148.877 -  37033.779    52504.25     36510.96          63        36091.33
33263.974 -  35148.877    24923.50     33544.88           2        34206.43
31379.071 -  33263.974    24831.50     32344.67           4        32321.52
29494.169 -  31379.071    21040.15     30174.41          34        30436.62
27609.266 -  29494.169    20155.53     29058.71          36        28551.72
25724.363 -  27609.266    15354.80     26675.89           5        26666.81
23839.461 -  25724.363    14517.67     24545.96           3        24781.91
21954.558 -  23839.461    17435.67     22645.75           6        22897.01
20069.656 -  21954.558    15162.54     20821.18          13        21012.11
18184.753 -  20069.656    13897.71     18745.17           7        19127.20
16299.850 -  18184.753    12283.31     17313.39          13        17242.30
14414.948 -  16299.850    12420.67     14901.92           3        15357.40
12530.045 -  14414.948     9594.00     14192.60           1        13472.50
10645.142 -  12530.045    11511.40     11186.76           5        11587.59
8760.240 -  10645.142     10525.55      9393.10          58         9702.69
6875.337 -  8760.240       8418.62      7886.55         123         7817.79
4990.434 -  6875.337       5615.84      5865.84          90         5932.89
3105.532 -  4990.434       3684.58      3962.73         117         4047.98
1220.629 -  3105.532       1774.96      2188.33         131         2163.08
