 
                                                                                                                                                                                                                                                                
 
Variable Importance

Obs    NAME                 LABEL                                NRULES    IMPORTANCE    VIMPORTANCE     RATIO

  1    Like_Count           Like Count                             39        1.00000       0.96339      0.96339
  2    Retweet_Count        Retweet Count                          27        0.98657       1.00000      1.01361
  3    TextCluster_SVD40                                            3        0.06910       0.00000      0.00000
  4    TextCluster_SVD33                                            4        0.06710       0.00000      0.00000
  5    TextCluster_SVD9                                             3        0.05211       0.00000      0.00000
  6    TextTopic_raw11      ig,+winner,game,game winner,trae        2        0.05081       0.01268      0.24952
  7    TextCluster_SVD44                                            2        0.05021       0.00726      0.14466
  8    TextCluster_SVD41                                            2        0.04754       0.04136      0.87011
  9    TextCluster_SVD5                                             2        0.04673       0.03291      0.70435
 10    TextCluster_SVD6                                             1        0.04266       0.00000      0.00000
 11    TextCluster_SVD16                                            1        0.04246       0.00000      0.00000
 12    TextCluster_SVD42                                            2        0.04118       0.00000      0.00000
 13    TextTopic_raw15      zion,+time,first,first time,+play       1        0.03736       0.00000      0.00000
 14    TextCluster_SVD36                                            1        0.03533       0.01833      0.51890
 15    TextCluster_SVD4                                             1        0.03489       0.00000      0.00000
 16    Character_Count      Character Count                         1        0.03300       0.00000      0.00000
 17    TextCluster_SVD3                                             1        0.03009       0.00000      0.00000
 18    TextCluster_SVD47                                            1        0.02989       0.00000      0.00000
 19    TextCluster_SVD45                                            1        0.02972       0.01333      0.44870
 20    TextCluster_SVD25                                            1        0.02920       0.01068      0.36588
 21    TextCluster_SVD17                                            1        0.02844       0.03058      1.07544
 22    TextCluster_SVD10                                            1        0.02833       0.01456      0.51377
 23    TextCluster_SVD46                                            1        0.02730       0.02781      1.01836
 24    TextCluster_SVD50                                            1        0.02670       0.00000      0.00000
 25    TextCluster_SVD51                                            1        0.02530       0.00000      0.00000
