*------------------------------------------------------------*
* Score Log
Date:                April 23, 2020
Time:                10:57:21
*------------------------------------------------------------*
16202  %let EMEXCEPTIONSTRING=;
16203  *------------------------------------------------------------*;
16204  * SCORE: FIMPORT;
16205  *------------------------------------------------------------*;
16206  %let EM_ACTION = SCORE;
16207  %let syscc = 0;
16208  /* Fimport.source */
16209  %macro main;
16210        %if %upcase(&EM_ACTION) = CREATE %then %do;
16211           filename temp catalog 'sashelp.emsamp.Fimport_create.source';
16212           %include temp;
16213           filename temp;
16214           %create;
16215        %end;
16216        %else
16217        %if %upcase(&EM_ACTION) = TRAIN %then %do;
16218           filename temp catalog 'sashelp.emsamp.Fimport_train.source';
16219           %include temp;
16220           filename temp;
16221           %train;
16222        %end;
16223        %else
16224        %if %upcase(&EM_ACTION) = UPDATE %then %do;
16225           filename temp catalog 'sashelp.emsamp.Fimport_update.source';
16226           %include temp;
16227           filename temp;
16228           %update;
16229        %end;
16230        %else
16231        %if %upcase(&EM_ACTION) = PROPERTY %then %do;
16232           filename temp catalog 'sashelp.emsamp.Fimport_actions.source';
16233           %include temp;
16234           filename temp;
16235           %property;
16236        %end;
16237         %else
16238        %if %upcase(&EM_ACTION) = SCORE %then %do;
16239           filename temp catalog 'sashelp.emsamp.Fimport_score.source';
16240           %include temp;
16241           filename temp;
16242           %score;
16243        %end;
16244        %else
16245        %if %upcase(&EM_ACTION) = REPORT %then %do;
16246           filename temp catalog 'sashelp.emsamp.Fimport_report.source';
16247           %include temp;
16248           filename temp;
16249           %report;
16250        %end;
16251        %else
16252        %if %upcase(&EM_ACTION) = OPENVARIABLESET %then %do;
16253           filename temp catalog 'sashelp.emsamp.Fimport_actions.source';
16254           %include temp;
16255           filename temp;
16256           %openvariableset;
16257        %end;
16258        %else
16259        %if %upcase(&EM_ACTION) = CLOSEVARIABLESET %then %do;
16260           filename temp catalog 'sashelp.emsamp.Fimport_actions.source';
16261           %include temp;
16262           filename temp;
16263           %closevariableset;
16264        %end;
16265  %mend main;
16266  %main;
NOTE: %INCLUDE (level 1) file TEMP is file SASHELP.EMSAMP.FIMPORT_SCORE.SOURCE.
16267 +%macro score;
16268 +
16269 +   filename x "&EM_NODEDIR.&EM_DSEP._updatePath.st";
16270 +   data _null_;
16271 +      file x;
16272 +      put ' ';
16273 +   run;
16274 +   filename x;
16275 +
16276 +   %em_getname(key=DATA, type=DATA);
16277 +   %if %sysfunc(exist(&em_user_data)) %then %do;
16278 +       data &em_export_train / view=&em_export_train;
16279 +          set &em_user_data;
16280 +       run;
16281 +   %end;
16282 +
16283 +%mend score;
NOTE: %INCLUDE (level 1) ending.
NOTE: Fileref TEMP has been deassigned.

NOTE: The file X is:
      Filename=P:\Final Project\Twitter_Content_Engineering\Workspaces\EMWS2\FIMPORT\_updatePath.st,
      RECFM=V,LRECL=32767,File Size (bytes)=0,
      Last Modified=23Apr2020:10:57:20,
      Create Time=23Apr2020:01:26:20

NOTE: 1 record was written to the file X.
      The minimum record length was 1.
      The maximum record length was 1.
NOTE: DATA statement used (Total process time):
      real time           0.01 seconds
      cpu time            0.01 seconds
      

NOTE: Fileref X has been deassigned.

NOTE: DATA STEP view saved on file EMWS2.FIMPORT_TRAIN.
NOTE: A stored DATA STEP view cannot run under a different operating system.
NOTE: DATA statement used (Total process time):
      real time           0.03 seconds
      cpu time            0.01 seconds
      

16284  *------------------------------------------------------------*;
16285  * End SCORE: FIMPORT;
16286  *------------------------------------------------------------*;

16288  *------------------------------------------------------------*;
16289  * FIMPORT: Computing metadata for TRAIN data;
16290  *------------------------------------------------------------*;

NOTE: View EMWS2.FIMPORT_TRAIN.VIEW used (Total process time):
      real time           0.06 seconds
      cpu time            0.07 seconds
      
NOTE: View EMWS2.FIMPORT_TRAIN.VIEW used (Total process time):
      real time           0.03 seconds
      cpu time            0.03 seconds
      
