*------------------------------------------------------------*
* Training Log
Date:                May 06, 2020
Time:                18:32:00
*------------------------------------------------------------*
10865  proc freq data=EMWS5.Part_VariableSet noprint;
10866  table ROLE*LEVEL/out=WORK.PartMETA;
10867  run;

NOTE: There were 7 observations read from the data set EMWS5.PART_VARIABLESET.
NOTE: The data set WORK.PARTMETA has 5 observations and 4 variables.
NOTE: PROCEDURE FREQ used (Total process time):
      real time           0.06 seconds
      cpu time            0.00 seconds
      

10868  proc print data=WORK.PartMETA label noobs;
10869  var ROLE LEVEL COUNT;
10870  label ROLE = "%sysfunc(sasmsg(sashelp.dmine, meta_role_vlabel, NOQUOTE))" LEVEL = "%sysfunc(sasmsg(sashelp.dmine, meta_level_vlabel, NOQUOTE))" COUNT = "%sysfunc(sasmsg(sashelp.dmine, rpt_count_vlabel, NOQUOTE))";
10871  title9 ' ';
10872  title10 "%sysfunc(sasmsg(sashelp.dmine, rpt_varSummary_title  , NOQUOTE))";
10873  run;

NOTE: There were 5 observations read from the data set WORK.PARTMETA.
NOTE: The PROCEDURE PRINT printed page 1.
NOTE: PROCEDURE PRINT used (Total process time):
      real time           0.00 seconds
      cpu time            0.00 seconds
      

10874  title10;

10882  *------------------------------------------------------------*;
10883  * Part: Determine number of observations;
10884  *------------------------------------------------------------*;
10885  proc sql;
10886  reset noprint;
10887  select count(*) into :_tmpa from EMWS5.FIMPORT_train
10888  ;
NOTE: View EMWS5.FIMPORT_TRAIN.VIEW used (Total process time):
      real time           0.29 seconds
      cpu time            0.04 seconds
      
NOTE: There were 3849 observations read from the data set EMWS5.FIMPORT_DATA.
10889  quit;
NOTE: PROCEDURE SQL used (Total process time):
      real time           0.31 seconds
      cpu time            0.06 seconds
      

trainPct=70 validatePct=20 testPct=10 
10890  *------------------------------------------------------------*;
10891  * Part: Create random partition;
10892  *------------------------------------------------------------*;
10893  data
10894  EMWS5.Part_TRAIN(label="")
10895  EMWS5.Part_VALIDATE(label="")
10896  EMWS5.Part_TEST(label="")
10897  ;
10898  retain _seed_ 12345;
10899  drop _seed_ _genvalue_;
10900  call ranuni(_seed_, _genvalue_);
10901  label _dataobs_ = "%sysfunc(sasmsg(sashelp.dmine, sample_dataobs_vlabel, NOQUOTE))";
10902  _dataobs_ = _N_;
10903  drop _c00:;
10904  set EMWS5.FIMPORT_train;
10905  if (3849+1-_n_)*_genvalue_ <= (2694 - _C000001) then do;
10906  _C000001 + 1;
10907  output EMWS5.Part_TRAIN;
10908  end;
10909  else if (3849+1-_n_)*_genvalue_ <= (2694 - _C000001 + 770 - _C000002) then do;
10910  _C000002 + 1;
10911  output EMWS5.Part_VALIDATE;
10912  end;
10913  else do;
10914  _C000003 + 1;
10915  output EMWS5.Part_TEST;
10916  end;
10917  run;

NOTE: View EMWS5.FIMPORT_TRAIN.VIEW used (Total process time):
      real time           0.08 seconds
      cpu time            0.06 seconds
      
NOTE: There were 3849 observations read from the data set EMWS5.FIMPORT_DATA.
NOTE: There were 3849 observations read from the data set EMWS5.FIMPORT_TRAIN.
NOTE: The data set EMWS5.PART_TRAIN has 2694 observations and 8 variables.
NOTE: The data set EMWS5.PART_VALIDATE has 770 observations and 8 variables.
NOTE: The data set EMWS5.PART_TEST has 385 observations and 8 variables.
NOTE: DATA statement used (Total process time):
      real time           0.17 seconds
      cpu time            0.09 seconds
      

10918  run;

10919  data _tempNobs;
10920  length Type $8 Table $32 Nobs 8;
10921  label type= "%sysfunc(sasmsg(sashelp.dmine, meta_type_vlabel,    NOQUOTE))" table = "%sysfunc(sasmsg(sashelp.dmine, meta_dataset_vlabel, NOQUOTE))" nobs = "%sysfunc(sasmsg(sashelp.dmine,  rpt_numObs_vlabel,   NOQUOTE))";
10922  type='DATA';
10923  table="EMWS5.FIMPORT_train";
10924  Nobs=3849;
10925  output;
10926  type='TRAIN';
10927  table="EMWS5.Part_TRAIN";
10928  Nobs=2694;
10929  output;
10930  type='VALIDATE';
10931  table="EMWS5.Part_VALIDATE";
10932  Nobs=770;
10933  output;
10934  type='TEST';
10935  table="EMWS5.Part_TEST";
10936  Nobs=385;
10937  output;
10938  run;

NOTE: The data set WORK._TEMPNOBS has 4 observations and 3 variables.
NOTE: DATA statement used (Total process time):
      real time           0.02 seconds
      cpu time            0.00 seconds
      

10939  %let _cn = %sysfunc(getoption(CENTER));
10940  %let _nb = %sysfunc(getoption(NUMBER));
10941  options nonumber nocenter;
10942  proc print data=_tempNobs noobs label;
10943  title9 ' ';
10944  title10 "%sysfunc(sasmsg(sashelp.dmine, rpt_partitionSummary_title, NOQUOTE))";
10945  run;

NOTE: There were 4 observations read from the data set WORK._TEMPNOBS.
NOTE: The PROCEDURE PRINT printed page 2.
NOTE: PROCEDURE PRINT used (Total process time):
      real time           0.00 seconds
      cpu time            0.01 seconds
      

10946  title10;
10947  options &_cn &_nb;
10948  run;

