*------------------------------------------------------------*
* Training Log
Date:                May 06, 2020
Time:                15:52:50
*------------------------------------------------------------*
10866  proc freq data=EMWS2.Part_VariableSet noprint;
10867  table ROLE*LEVEL/out=WORK.PartMETA;
10868  run;

NOTE: There were 8 observations read from the data set EMWS2.PART_VARIABLESET.
NOTE: The data set WORK.PARTMETA has 5 observations and 4 variables.
NOTE: PROCEDURE FREQ used (Total process time):
      real time           0.06 seconds
      cpu time            0.00 seconds
      

10869  proc print data=WORK.PartMETA label noobs;
10870  var ROLE LEVEL COUNT;
10871  label ROLE = "%sysfunc(sasmsg(sashelp.dmine, meta_role_vlabel, NOQUOTE))" LEVEL = "%sysfunc(sasmsg(sashelp.dmine, meta_level_vlabel, NOQUOTE))" COUNT = "%sysfunc(sasmsg(sashelp.dmine, rpt_count_vlabel, NOQUOTE))";
10872  title9 ' ';
10873  title10 "%sysfunc(sasmsg(sashelp.dmine, rpt_varSummary_title  , NOQUOTE))";
10874  run;

NOTE: There were 5 observations read from the data set WORK.PARTMETA.
NOTE: The PROCEDURE PRINT printed page 1.
NOTE: PROCEDURE PRINT used (Total process time):
      real time           0.00 seconds
      cpu time            0.01 seconds
      

10875  title10;

10883  *------------------------------------------------------------*;
10884  * Part: Determine number of observations;
10885  *------------------------------------------------------------*;
10886  proc sql;
10887  reset noprint;
10888  select count(*) into :_tmpa from EMWS2.FIMPORT_train
10889  ;
NOTE: View EMWS2.FIMPORT_TRAIN.VIEW used (Total process time):
      real time           0.39 seconds
      cpu time            0.04 seconds
      
NOTE: There were 5059 observations read from the data set EMWS2.FIMPORT_DATA.
10890  quit;
NOTE: PROCEDURE SQL used (Total process time):
      real time           0.42 seconds
      cpu time            0.06 seconds
      

trainPct=80 validatePct=20 testPct=0 
10891  *------------------------------------------------------------*;
10892  * Part: Create random partition;
10893  *------------------------------------------------------------*;
10894  data
10895  EMWS2.Part_TRAIN(label="")
10896  EMWS2.Part_VALIDATE(label="")
10897  ;
10898  retain _seed_ 12345;
10899  drop _seed_ _genvalue_;
10900  call ranuni(_seed_, _genvalue_);
10901  label _dataobs_ = "%sysfunc(sasmsg(sashelp.dmine, sample_dataobs_vlabel, NOQUOTE))";
10902  _dataobs_ = _N_;
10903  drop _c00:;
10904  set EMWS2.FIMPORT_train;
10905  if (5059 +1-_n_)*_genvalue_ <= (4047 - _C000001) then do;
10906  _C000001 + 1;
10907  output EMWS2.Part_TRAIN;
10908  end;
10909  else do;
10910  _C000002 + 1;
10911  output EMWS2.Part_VALIDATE;
10912  end;
10913  run;

NOTE: View EMWS2.FIMPORT_TRAIN.VIEW used (Total process time):
      real time           0.38 seconds
      cpu time            0.07 seconds
      
NOTE: There were 5059 observations read from the data set EMWS2.FIMPORT_DATA.
NOTE: There were 5059 observations read from the data set EMWS2.FIMPORT_TRAIN.
NOTE: The data set EMWS2.PART_TRAIN has 4047 observations and 9 variables.
NOTE: The data set EMWS2.PART_VALIDATE has 1012 observations and 9 variables.
NOTE: DATA statement used (Total process time):
      real time           0.46 seconds
      cpu time            0.09 seconds
      

10914  run;

10915  data _tempNobs;
10916  length Type $8 Table $32 Nobs 8;
10917  label type= "%sysfunc(sasmsg(sashelp.dmine, meta_type_vlabel,    NOQUOTE))" table = "%sysfunc(sasmsg(sashelp.dmine, meta_dataset_vlabel, NOQUOTE))" nobs = "%sysfunc(sasmsg(sashelp.dmine,  rpt_numObs_vlabel,   NOQUOTE))";
10918  type='DATA';
10919  table="EMWS2.FIMPORT_train";
10920  Nobs=5059;
10921  output;
10922  type='TRAIN';
10923  table="EMWS2.Part_TRAIN";
10924  Nobs=4047;
10925  output;
10926  type='VALIDATE';
10927  table="EMWS2.Part_VALIDATE";
10928  Nobs=1012;
10929  output;
10930  run;

NOTE: The data set WORK._TEMPNOBS has 3 observations and 3 variables.
NOTE: DATA statement used (Total process time):
      real time           0.01 seconds
      cpu time            0.00 seconds
      

10931  %let _cn = %sysfunc(getoption(CENTER));
10932  %let _nb = %sysfunc(getoption(NUMBER));
10933  options nonumber nocenter;
10934  proc print data=_tempNobs noobs label;
10935  title9 ' ';
10936  title10 "%sysfunc(sasmsg(sashelp.dmine, rpt_partitionSummary_title, NOQUOTE))";
10937  run;

NOTE: There were 3 observations read from the data set WORK._TEMPNOBS.
NOTE: The PROCEDURE PRINT printed page 2.
NOTE: PROCEDURE PRINT used (Total process time):
      real time           0.00 seconds
      cpu time            0.01 seconds
      

10938  title10;
10939  options &_cn &_nb;
10940  run;

