*------------------------------------------------------------*
* Report Log
Date:                May 06, 2020
Time:                18:00:08
*------------------------------------------------------------*
16644  %let EMEXCEPTIONSTRING=;
16645  *------------------------------------------------------------*;
16646  * REPORT: FIMPORT;
16647  *------------------------------------------------------------*;
16648  %let EM_ACTION = REPORT;
16649  %let syscc = 0;
16650  /* Fimport.source */
16651  %macro main;
16652        %if %upcase(&EM_ACTION) = CREATE %then %do;
16653           filename temp catalog 'sashelp.emsamp.Fimport_create.source';
16654           %include temp;
16655           filename temp;
16656           %create;
16657        %end;
16658        %else
16659        %if %upcase(&EM_ACTION) = TRAIN %then %do;
16660           filename temp catalog 'sashelp.emsamp.Fimport_train.source';
16661           %include temp;
16662           filename temp;
16663           %train;
16664        %end;
16665        %else
16666        %if %upcase(&EM_ACTION) = UPDATE %then %do;
16667           filename temp catalog 'sashelp.emsamp.Fimport_update.source';
16668           %include temp;
16669           filename temp;
16670           %update;
16671        %end;
16672        %else
16673        %if %upcase(&EM_ACTION) = PROPERTY %then %do;
16674           filename temp catalog 'sashelp.emsamp.Fimport_actions.source';
16675           %include temp;
16676           filename temp;
16677           %property;
16678        %end;
16679         %else
16680        %if %upcase(&EM_ACTION) = SCORE %then %do;
16681           filename temp catalog 'sashelp.emsamp.Fimport_score.source';
16682           %include temp;
16683           filename temp;
16684           %score;
16685        %end;
16686        %else
16687        %if %upcase(&EM_ACTION) = REPORT %then %do;
16688           filename temp catalog 'sashelp.emsamp.Fimport_report.source';
16689           %include temp;
16690           filename temp;
16691           %report;
16692        %end;
16693        %else
16694        %if %upcase(&EM_ACTION) = OPENVARIABLESET %then %do;
16695           filename temp catalog 'sashelp.emsamp.Fimport_actions.source';
16696           %include temp;
16697           filename temp;
16698           %openvariableset;
16699        %end;
16700        %else
16701        %if %upcase(&EM_ACTION) = CLOSEVARIABLESET %then %do;
16702           filename temp catalog 'sashelp.emsamp.Fimport_actions.source';
16703           %include temp;
16704           filename temp;
16705           %closevariableset;
16706        %end;
16707  %mend main;
16708  %main;
NOTE: %INCLUDE (level 1) file TEMP is file SASHELP.EMSAMP.FIMPORT_REPORT.SOURCE.
16709 +%macro report;
16710 +    %em_getname(key=EMSTAT,     type=DATA);
16711 +    %em_getname(key=EMINFO,     type=DATA);
16712 +    %em_getname(key=CLASS,      type=DATA);
16713 +    %em_getname(key=INTERVAL,   type=DATA);
16714 +
16715 +    %em_REPORT(key=EMSTAT,   viewtype=DATA, description=EMSTAT, block=Report, autodisplay=Y);
16716 +    %em_REPORT(key=INTERVAL, viewtype=LATTICE, LATTICETYPE=HISTOGRAM, LATTICEX=VARIABLE, DISCRETEX=Y, X=VALUE,FREQ=PERCENT,block=Report, description=INTERVALTARGET, autodisplay=N);
16717 +    %em_REPORT(key=CLASS, viewtype=LATTICE, LATTICEtype=BAR, LATTICEX=VARIABLE, X=VALUE,FREQ=PERCENT, block=Report, description=CLASSTARGET, autodisplay=Y);
16718 +
16719 +    %if &em_property_summarize eq Y %then %do;
16720 +        filename temp catalog 'sashelp.emmeta.emadvisestatistics.source';
16721 +        %include temp;
16722 +        filename temp;
16723 +
16724 +        data work.tempmeta;
16725 +           set &em_lib..&em_nodeid._CMETA_TRAIN;
16726 +           if ROLE='TARGET' and LEVEL ne 'INTERVAL' then output;
16727 +         run;
16728 +
16729 +        %class_profile(DATA=&em_export_train, OUTPUT=&em_user_class, VARS=,
16730 +                      METADATA=tempmeta, STAT=_STAT, FREQ=);
16731 +
16732 +         data work.tempmeta;
16733 +           set &em_lib..&em_nodeid._CMETA_TRAIN;
16734 +            if ROLE='TARGET' and LEVEL eq 'INTERVAL' then output;
16735 +         run;
16736 +         %var_profile(DATA=&em_export_train, OUTPUT=&em_user_INTERVAL, VARS=, METADATA=tempmeta, COMPUTESTAT=Y, STAT=_STAT, FREQ=,
16737 +                   BINDATA=, BIN=Y, NUMBARS=8, MINMAX=N);
16738 +
16739 +        data work.tempmeta;
16740 +           set &em_lib..&em_nodeid._CMETA_TRAIN;
16741 +        run;
16742 +
16743 +        %if "&em_property_advancedadvisor" eq "N" %then %do;
16744 +            %EmAdviseStat(&em_export_train, maxClassLevels=32, metadata=tempmeta, statisticData=&em_user_emstat);
16745 +
16746 +            data &em_data_exportset;
16747 +                 set &em_data_exportset;
16748 +                 if NODEPORT='TRAIN' then do;
16749 +                    EMINFO="&em_data_eminfo";
16750 +                    EMINFOMODTIME=datetime();
16751 +                 end;
16752 +            run;
16753 +        %end;
16754 +        %else %do;
16755 +            %em_getname(key=EMSTATDEFAULT,     type=DATA);
16756 +            %if %sysfunc(exist(&em_user_emstatdefault)) %then %do;
16757 +                data &em_user_emstat /  view=&em_user_emstat;
16758 +                   set &em_user_emstatdefault;
16759 +                run;
16760 +            %end;
16761 +        %end;
16762 +    %end;
16763 +    %else %do;
16764 +        %if "&em_property_advancedadvisor" eq "N" %then %do;
16765 +            proc datasets lib=&em_lib nolist;
16766 +               delete &em_nodeid._EMINFO;
16767 +            run;
16768 +            quit;
16769 +            data &em_data_exportset;
16770 +                 set &em_data_exportset;
16771 +                 if NODEPORT='TRAIN' then do;
16772 +                    EMINFO="";
16773 +                    EMINFOMODTIME=.;
16774 +                 end;
16775 +            run;
16776 +        %end;
16777 +    %end;
16778 +
16779 +    data &em_data_exportset;
16780 +       set &em_data_exportset;
16781 +       if NODEPORT='TRAIN' then do;
16782 +          ROLE="&em_property_role";
16783 +       end;
16784 +    run;
16785 +
16786 +    %if %sysfunc(exist(&em_data_variableSet)) %then %do;
16787 +        proc freq data=&em_data_variableset noprint;
16788 +             table ROLE*LEVEL/out=work.tempMeta;
16789 +        run;
16790 +        proc print data=work.tempmeta label noobs;
16791 +           var ROLE LEVEL COUNT;
16792 +           label ROLE  = "%sysfunc(sasmsg(sashelp.dmine, meta_role_vlabel, NOQUOTE))"
16793 +                 LEVEL = "%sysfunc(sasmsg(sashelp.dmine, meta_level_vlabel, NOQUOTE))"
16794 +                 COUNT = "%sysfunc(sasmsg(sashelp.dmine, rpt_count_vlabel, NOQUOTE))";
16795 +        title9  ' ';
16796 +        title10  "%sysfunc(sasmsg(sashelp.dmine, rpt_exptattributes_title, NOQUOTE, TRAIN))";
16797 +        run;
16798 +        title10;
16799 +    %end;
16800 +
16801 +    %if %sysfunc(exist(work.tempmeta)) %then %do;
16802 +        proc datasets lib=work nolist;
16803 +           delete tempmeta;
16804 +        run;
16805 +        quit;
16806 +    %end;
16807 +
16808 +%mend report;
16809 +
16810 +
16811 +
16812 +
16813 +
16814 +
16815 +
16816 +
16817 +
16818 +
16819 +
16820 +
16821 +
16822 +
16823 +
16824 +
16825 +
16826 +
16827 +
16828 +
16829 +
16830 +
16831 +
16832 +
16833 +
16834 +
16835 +
16836 +
16837 +
16838 +
16839 +
16840 +
16841 +
16842 +
16843 +
16844 +
16845 +
16846 +
16847 +
16848 +
16849 +
16850 +
16851 +
16852 +
16853 +
16854 +
16855 +
16856 +
NOTE: %INCLUDE (level 1) ending.
NOTE: Fileref TEMP has been deassigned.

NOTE: The data set WORK.EM_USER_REPORT has 132 observations and 4 variables.
NOTE: DATA statement used (Total process time):
      real time           0.03 seconds
      cpu time            0.03 seconds
      


NOTE: There were 132 observations read from the data set WORK.EM_USER_REPORT.
NOTE: The data set WORK.EM_USER_REPORT has 264 observations and 4 variables.
NOTE: DATA statement used (Total process time):
      real time           0.03 seconds
      cpu time            0.04 seconds
      


NOTE: There were 264 observations read from the data set WORK.EM_USER_REPORT.
NOTE: The data set WORK.EM_USER_REPORT has 396 observations and 4 variables.
NOTE: DATA statement used (Total process time):
      real time           0.03 seconds
      cpu time            0.01 seconds
      


NOTE: The file EMWS5.FIMPORT_EMINFO (memtype=DATA) was not found, but appears on a DELETE statement.

NOTE: PROCEDURE DATASETS used (Total process time):
      real time           0.01 seconds
      cpu time            0.01 seconds
      


NOTE: There were 6 observations read from the data set EMWS5.FIMPORT_EXPORTSET.
NOTE: The data set EMWS5.FIMPORT_EXPORTSET has 6 observations and 18 variables.
NOTE: DATA statement used (Total process time):
      real time           0.04 seconds
      cpu time            0.03 seconds
      


NOTE: There were 6 observations read from the data set EMWS5.FIMPORT_EXPORTSET.
NOTE: The data set EMWS5.FIMPORT_EXPORTSET has 6 observations and 18 variables.
NOTE: DATA statement used (Total process time):
      real time           0.06 seconds
      cpu time            0.01 seconds
      


NOTE: There were 7 observations read from the data set EMWS5.FIMPORT_VARIABLESET.
NOTE: The data set WORK.TEMPMETA has 5 observations and 4 variables.
NOTE: PROCEDURE FREQ used (Total process time):
      real time           0.06 seconds
      cpu time            0.00 seconds
      


NOTE: There were 5 observations read from the data set WORK.TEMPMETA.
NOTE: The PROCEDURE PRINT printed page 3.
NOTE: PROCEDURE PRINT used (Total process time):
      real time           0.00 seconds
      cpu time            0.01 seconds
      


NOTE: Deleting WORK.TEMPMETA (memtype=DATA).

NOTE: PROCEDURE DATASETS used (Total process time):
      real time           0.00 seconds
      cpu time            0.00 seconds
      

16857  *------------------------------------------------------------*;
16858  * End REPORT: FIMPORT;
16859  *------------------------------------------------------------*;

16860  /* Reset EM Options */
16861  options formchar="|----|+|---+=|-/\<>*";
16862  options nocenter ls=256 ps=10000;
16863  goptions reset=all device=GIF NODISPLAY;

16864  proc sort data=WORK.EM_USER_REPORT;
16865  by ID VIEW;
16866  run;

NOTE: There were 396 observations read from the data set WORK.EM_USER_REPORT.
NOTE: The data set WORK.EM_USER_REPORT has 396 observations and 4 variables.
NOTE: PROCEDURE SORT used (Total process time):
      real time           0.01 seconds
      cpu time            0.00 seconds
      

