*------------------------------------------------------------*
* Report Log
Date:                May 06, 2020
Time:                18:33:35
*------------------------------------------------------------*
14515  data EMWS5.Neural_EMOUTFIT(rename=(_NAME_=TARGET));
14516  set EMWS5.Neural_OUTFIT(where=(_NAME_ eq 'OVERALL'));
14517  label _NAME_ = "%sysfunc(sasmsg(sashelp.dmine, rpt_target_vlabel  , NOQUOTE))";
14518  if _NAME_='OVERALL' then _NAME_='Total_Actions';
14519  drop _ITER_;
14520  run;

NOTE: There were 1 observations read from the data set EMWS5.NEURAL_OUTFIT.
      WHERE _NAME_='OVERALL';
NOTE: The data set EMWS5.NEURAL_EMOUTFIT has 1 observations and 58 variables.
NOTE: DATA statement used (Total process time):
      real time           0.05 seconds
      cpu time            0.01 seconds
      

14521  proc sort data=EMWS5.Neural_EMOUTFIT nodupkey;
14522  by TARGET;
14523  run;

NOTE: There were 1 observations read from the data set EMWS5.NEURAL_EMOUTFIT.
NOTE: 0 observations with duplicate key values were deleted.
NOTE: The data set EMWS5.NEURAL_EMOUTFIT has 1 observations and 58 variables.
NOTE: PROCEDURE SORT used (Total process time):
      real time           0.09 seconds
      cpu time            0.00 seconds
      

14524  data EMWS5.Neural_EMOUTFIT;
14525  set EMWS5.Neural_EMOUTFIT;
14526  length TargetLabel $200;
14527  label targetLabel = "%sysfunc(sasmsg(sashelp.dmine, meta_targetlabel_vlabel, NOQUOTE))";
14528  if upcase(TARGET) eq "TOTAL_ACTIONS" then TargetLabel = 'Total Actions';
14529  run;

NOTE: There were 1 observations read from the data set EMWS5.NEURAL_EMOUTFIT.
NOTE: The data set EMWS5.NEURAL_EMOUTFIT has 1 observations and 59 variables.
NOTE: DATA statement used (Total process time):
      real time           0.30 seconds
      cpu time            0.00 seconds
      

14530  proc sort data=EMWS5.Neural_EMREPORTFIT nothreads;
14531  by TARGET;
14532  run;

NOTE: There were 21 observations read from the data set EMWS5.NEURAL_EMREPORTFIT.
NOTE: The data set EMWS5.NEURAL_EMREPORTFIT has 21 observations and 7 variables.
NOTE: PROCEDURE SORT used (Total process time):
      real time           0.10 seconds
      cpu time            0.03 seconds
      

14533  %let _EMwarndup = 0;
14534  %let _EMtargetdup =;
14535  %let _EMASEtargetdup =;
14536  data _null_;
14537  set EMWS5.Neural_EMOUTFIT;
14538  if .<_ASE_<0.000001 then do;
14539  call symput('_EMwarndup', '1');
14540  call symput('_EMtargetdup', target);
14541  call symput('_EMASEtargetdup', put(_ASE_, best.));
14542  end;
14543  run;

NOTE: There were 1 observations read from the data set EMWS5.NEURAL_EMOUTFIT.
NOTE: DATA statement used (Total process time):
      real time           0.00 seconds
      cpu time            0.00 seconds
      

14544  proc sort data=EMWS5.TextTopic_CMeta_TRAIN out=WORK.SUBSETINMETA;
14545  by NAME;
14546  run;

NOTE: There were 106 observations read from the data set EMWS5.TEXTTOPIC_CMETA_TRAIN.
NOTE: The data set WORK.SUBSETINMETA has 106 observations and 20 variables.
NOTE: PROCEDURE SORT used (Total process time):
      real time           0.01 seconds
      cpu time            0.00 seconds
      

14547  proc sort data=EMWS5.Neural_VariableSet out=WORK.SUBSETVARSET(keep=NAME REPORT);
14548  by NAME;
14549  run;

NOTE: There were 86 observations read from the data set EMWS5.NEURAL_VARIABLESET.
NOTE: The data set WORK.SUBSETVARSET has 86 observations and 2 variables.
NOTE: PROCEDURE SORT used (Total process time):
      real time           0.03 seconds
      cpu time            0.01 seconds
      

14550  data WORK.ASSESS_META;
14551  merge WORK.SUBSETINMETA WORK.SUBSETVARSET;
14552  by NAME;
14553  run;

NOTE: There were 106 observations read from the data set WORK.SUBSETINMETA.
NOTE: There were 86 observations read from the data set WORK.SUBSETVARSET.
NOTE: The data set WORK.ASSESS_META has 106 observations and 20 variables.
NOTE: DATA statement used (Total process time):
      real time           0.01 seconds
      cpu time            0.00 seconds
      

14554  data EM_temp_assessMeta;
14555  set EMWS5.Neural_CMeta_TRAIN;
14556  where role in('DECISION', 'PREDICT', 'RESIDUAL', 'CLASSIFICATION', 'ASSESS', 'COST');
14557  run;

NOTE: There were 3 observations read from the data set EMWS5.NEURAL_CMETA_TRAIN.
      WHERE role in ('ASSESS', 'CLASSIFICATION', 'COST', 'DECISION', 'PREDICT', 'RESIDUAL');
NOTE: The data set WORK.EM_TEMP_ASSESSMETA has 3 observations and 21 variables.
NOTE: DATA statement used (Total process time):
      real time           0.02 seconds
      cpu time            0.00 seconds
      

14558  data EM_temp_assessdata;
14559  set EMWS5.Neural_TRAIN(keep=
14560  P_Total_Actions
14561  R_Total_Actions
14562  _WARN_
14563  Total_Actions
14564  );
14565  run;

NOTE: View EMWS5.NEURAL_TRAIN.VIEW used (Total process time):
      real time           0.05 seconds
      cpu time            0.04 seconds
      
NOTE: There were 2694 observations read from the data set EMWS5.TEXTTOPIC_TRAIN.
NOTE: There were 2694 observations read from the data set EMWS5.NEURAL_TRAIN.
NOTE: The data set WORK.EM_TEMP_ASSESSDATA has 2694 observations and 4 variables.
NOTE: DATA statement used (Total process time):
      real time           0.06 seconds
      cpu time            0.06 seconds
      








18899  data EM_temp_assessMeta;
18900  set EMWS5.Neural_CMeta_TRAIN;
18901  where role in('DECISION', 'PREDICT', 'RESIDUAL', 'CLASSIFICATION', 'ASSESS', 'COST');
18902  run;

NOTE: There were 3 observations read from the data set EMWS5.NEURAL_CMETA_TRAIN.
      WHERE role in ('ASSESS', 'CLASSIFICATION', 'COST', 'DECISION', 'PREDICT', 'RESIDUAL');
NOTE: The data set WORK.EM_TEMP_ASSESSMETA has 3 observations and 21 variables.
NOTE: DATA statement used (Total process time):
      real time           0.01 seconds
      cpu time            0.01 seconds
      

18903  data EM_temp_assessdata;
18904  set EMWS5.Neural_VALIDATE(keep=
18905  P_Total_Actions
18906  R_Total_Actions
18907  _WARN_
18908  Total_Actions
18909  );
18910  run;

NOTE: View EMWS5.NEURAL_VALIDATE.VIEW used (Total process time):
      real time           0.05 seconds
      cpu time            0.03 seconds
      
NOTE: There were 770 observations read from the data set EMWS5.TEXTTOPIC_VALIDATE.
NOTE: There were 770 observations read from the data set EMWS5.NEURAL_VALIDATE.
NOTE: The data set WORK.EM_TEMP_ASSESSDATA has 770 observations and 4 variables.
NOTE: DATA statement used (Total process time):
      real time           0.06 seconds
      cpu time            0.04 seconds
      








23254  %let _cn = %sysfunc(getoption(CENTER));
23255  options nocenter;
23256  proc print data=EMWS5.Neural_EMREPORTFIT noobs label;
23257  var STAT LABEL TRAIN
23258  VALIDATE
23259  TEST
23260  ;
23261  by TARGET TARGETLABEL;
23262  title9 ' ';
23263  title10 "%sysfunc(sasmsg(sashelp.dmine, rpt_fitstat_title  , NOQUOTE))";
23264  run;

NOTE: There were 21 observations read from the data set EMWS5.NEURAL_EMREPORTFIT.
NOTE: The PROCEDURE PRINT printed page 7.
NOTE: PROCEDURE PRINT used (Total process time):
      real time           0.00 seconds
      cpu time            0.00 seconds
      

23265  title10;
23266  options &_cn;

23267  proc datasets library=EMWS5 nolist;
23268  modify Neural_EMRANK;
23269  label target = "%sysfunc(sasmsg(sashelp.dmine, rpt_targetvar_vlabel ,   NOQUOTE))";
23270  label datarole = "%sysfunc(sasmsg(sashelp.dmine, rpt_datarole_vlabel ,    NOQUOTE))";
23271  run;

NOTE: MODIFY was successful for EMWS5.NEURAL_EMRANK.DATA.
23272  quit;

NOTE: PROCEDURE DATASETS used (Total process time):
      real time           0.12 seconds
      cpu time            0.06 seconds
      

23273  %let _cn = %sysfunc(getoption(CENTER));
23274  options nocenter;
23275  proc print data=EMWS5.Neural_EMRANK label noobs;
23276  var
23277  decile N _targetMean_ _meanP_;
23278  by
23279  notsorted DATAROLE
23280  notsorted TARGET
23281  notsorted TARGETLABEL
23282  ;
23283  title9 ' ';
23284  title10 "%sysfunc(sasmsg(sashelp.dmine, rpt_scoreranking_title , NOQUOTE))";
23285  run;

NOTE: There were 40 observations read from the data set EMWS5.NEURAL_EMRANK.
NOTE: The PROCEDURE PRINT printed page 8.
NOTE: PROCEDURE PRINT used (Total process time):
      real time           0.01 seconds
      cpu time            0.00 seconds
      

23286  title10;
23287  options &_cn;

23288  proc datasets library=EMWS5 nolist;
23289  modify Neural_EMSCOREDIST;
23290  label target = "%sysfunc(sasmsg(sashelp.dmine, rpt_targetvar_vlabel ,      NOQUOTE))";
23291  label datarole = "%sysfunc(sasmsg(sashelp.dmine, rpt_datarole_vlabel ,    NOQUOTE))";
23292  run;

NOTE: MODIFY was successful for EMWS5.NEURAL_EMSCOREDIST.DATA.
23293  quit;

NOTE: PROCEDURE DATASETS used (Total process time):
      real time           0.12 seconds
      cpu time            0.10 seconds
      

