 
                                                                                                                                                                                                                                                                
 
 
Fit Statistics

Target=Total_Actions Target Label=Total Actions

   Fit
Statistics    Statistics Label                             Train        Validation              Test

 _DFT_        Total Degrees of Freedom                   2693.00               .                 .  
 _DFE_        Degrees of Freedom for Error               2461.00               .                 .  
 _DFM_        Model Degrees of Freedom                    232.00               .                 .  
 _NW_         Number of Estimated Weights                 232.00               .                 .  
 _AIC_        Akaike's Information Criterion            48228.98               .                 .  
 _SBC_        Schwarz's Bayesian Criterion              49597.41               .                 .  
 _ASE_        Average Squared Error                  50461277.70      121831388.24       39070162.91
 _MAX_        Maximum Absolute Error                   122506.42         179591.00          58980.51
 _DIV_        Divisor for ASE                            2693.00            770.00            385.00
 _NOBS_       Sum of Frequencies                         2693.00            770.00            385.00
 _RASE_       Root Average Squared Error                 7103.61          11037.73           6250.61
 _SSE_        Sum of Squared Errors              135892220857.40    93810168943.60    15042012721.91
 _SUMW_       Sum of Case Weights Times Freq             2693.00            770.00            385.00
 _FPE_        Final Prediction Error                 59975309.75               .                 .  
 _MSE_        Mean Squared Error                     55218293.73      121831388.24       39070162.91
 _RFPE_       Root Final Prediction Error                7744.37               .                 .  
 _RMSE_       Root Mean Squared Error                    7430.90          11037.73           6250.61
 _AVERR_      Average Error Function                 50461277.70      121831388.24       39070162.91
 _ERR_        Error Function                     135892220857.40    93810168943.60    15042012721.91
 _MISC_       Misclassification Rate                         .                 .                 .  
 _WRONG_      Number of Wrong Classifications                .                 .                 .  
 
                                                                                                                                                                                                                                                                
 
 
Assessment Score Rankings

Data Role=TRAIN Target Variable=Total_Actions Target Label=Total Actions

           Number of       Mean         Mean
Depth    Observations     Target     Predicted

   5          134        68638.25     59818.98
  10          135        39642.49     40015.37
  15          135        27214.59     25218.51
  20          134        20396.61     17462.30
  25          135        16469.15     13208.47
  30          135        12863.64     10743.51
  35          134        11488.45      9285.65
  40          135         9457.20      8155.00
  45          135         8624.94      7350.14
  50          134         7477.51      6600.96
  55          135         7643.30      6030.40
  60          135         5820.90      5482.46
  65          135         5960.04      4970.70
  70          134         5162.66      4435.15
  75          135         4313.67      3867.19
  80          135         3814.70      3267.73
  85          134         3178.90      2660.95
  90          135         3872.39      1882.52
  95          135         3785.77       611.88
 100          134         3977.15     -4028.96


Data Role=VALIDATE Target Variable=Total_Actions Target Label=Total Actions

           Number of       Mean         Mean
Depth    Observations     Target     Predicted

   5          39         87620.31     63897.52
  10          38         42934.05     45975.95
  15          39         30164.56     28054.57
  20          38         23982.76     18466.32
  25          39         16773.87     13515.11
  30          38         13470.66     11064.04
  35          39         12026.33      9386.61
  40          38         10043.11      8401.77
  45          39          8893.77      7447.65
  50          38          7529.63      6566.26
  55          39          7267.74      5982.65
  60          38          6110.66      5441.68
  65          39          5719.95      4846.62
  70          38          4990.66      4268.13
  75          39          4084.54      3608.83
  80          38          4582.58      2959.62
  85          39          3535.92      2388.59
  90          38          2638.89      1391.18
  95          39          2907.08        88.92
 100          38          3635.11     -3443.73
 
                                                                                                                                                                                                                                                                
 
 
Assessment Score Distribution

Data Role=TRAIN Target Variable=Total_Actions Target Label=Total Actions

                              Mean         Mean        Number of         Model
  Range for Predicted        Target     Predicted    Observations        Score

62575.361 -  66872.708      86717.64     65127.30          64         64724.03
58278.013 -  62575.361      59919.45     59783.25          20         60426.69
53980.666 -  58278.013      53574.40     56276.20          20         56129.34
49683.319 -  53980.666      46273.00     51245.93          24         51831.99
45385.972 -  49683.319      44866.15     47946.15          27         47534.65
41088.624 -  45385.972      42525.29     43258.58          38         43237.30
36791.277 -  41088.624      38149.69     38675.40          35         38939.95
32493.930 -  36791.277      35978.08     34660.89          36         34642.60
28196.583 -  32493.930      30187.83     29682.43          36         30345.26
23899.236 -  28196.583      28179.45     25853.84          53         26047.91
19601.888 -  23899.236      24501.61     21572.35          66         21750.56
15304.541 -  19601.888      20220.78     17443.74         104         17453.21
11007.194 -  15304.541      16058.97     12931.92         195         13155.87
6709.847 -  11007.194       10021.96      8516.41         535          8858.52
2412.500 -  6709.847         5417.52      4624.62        1015          4561.17
-1884.848 -  2412.500        3615.14       901.46         350           263.83
-6182.195 -  -1884.848       4400.58     -3454.96          45         -4033.52
-10479.542 -  -6182.195      5727.80     -7771.07          15         -8330.87
-14776.889 -  -10479.542     5297.85    -12334.30          13        -12628.22
-19074.237 -  -14776.889     2176.00    -18446.74           2        -16925.56


Data Role=VALIDATE Target Variable=Total_Actions Target Label=Total Actions

                              Mean         Mean        Number of         Model
  Range for Predicted        Target     Predicted    Observations        Score

62807.131 -  66874.005      98331.56     65646.81          27         64840.57
58740.258 -  62807.131      65055.43     61080.21           7         60773.69
54673.384 -  58740.258      56324.10     57374.48          10         56706.82
50606.511 -  54673.384      48507.57     52676.97           7         52639.95
46539.637 -  50606.511      42750.75     48598.31           4         48573.07
42472.764 -  46539.637      43274.90     44672.39          10         44506.20
38405.890 -  42472.764      36676.67     39992.70           6         40439.33
34339.017 -  38405.890      34928.60     36359.92           5         36372.45
30272.143 -  34339.017      33241.60     31973.04          15         32305.58
26205.270 -  30272.143      34788.00     28383.08          10         28238.71
22138.396 -  26205.270      24467.40     24293.96          15         24171.83
18071.522 -  22138.396      24487.55     20122.56          20         20104.96
14004.649 -  18071.522      21269.50     15701.30          32         16038.09
9937.775 -  14004.649       14397.40     11815.08          63         11971.21
5870.902 -  9937.775         9208.18      7673.72         181          7904.34
1804.028 -  5870.902         4927.42      3924.63         253          3837.47
-2262.845 -  1804.028        2873.26        83.46          88          -229.41
-6329.719 -  -2262.845       4498.45     -4559.37          11         -4296.28
-10396.592 -  -6329.719      3603.20     -7226.10           5         -8363.16
-14463.466 -  -10396.592     1478.00    -14463.47           1        -12430.03
