 
                                                                                                                                                                                                                                                                
 
 
Variable Summary

            Measurement    Frequency
Role           Level         Count

INPUT        INTERVAL          72   
INPUT        NOMINAL            1   
REJECTED     INTERVAL          12   
TARGET       INTERVAL           1   
 
                                                                                                                                                                                                                                                                
 
 
Predicted and decision variables

Type            Variable        Label

TARGET       Total_Actions      Total Actions           
PREDICTED    P_Total_Actions    Predicted: Total_Actions
RESIDUAL     R_Total_Actions    Residual: Total_Actions 
 
                                                                                                                                                                                                                                                                
 
 

The NEURAL Procedure

Preliminary       Starting         Objective         Number
 Training          Random           Function           of        Terminating
    Run             Seed             Value         Iterations     Criteria

        1               12345    225205586.9369           10                
        2          1085637127    196579781.5515           10                
        3          1342678292    222933870.4155           10                
        4          1906361467    235129818.8699           10                
        5           254893517     233357443.378           10                
 
                                                                                                                                                                                                                                                                
 
 

The NEURAL Procedure

                    Optimization Start
                   Parameter Estimates
                                                 Gradient
                                                Objective
  N Parameter                    Estimate        Function

  1 Character_Count_H11         -0.143484        -8514929
  2 Like_Count_H11              -0.071686        -6502003
  3 Retweet_Count_H11           -0.221538        -5150353
  4 TextCluster_SVD1_H11        -0.140456        -9645310
  5 TextCluster_SVD10_H11       -0.113932        -9619092
  6 TextCluster_SVD11_H11        0.104630         4526561
  7 TextCluster_SVD12_H11       -0.017676        -1925286
  8 TextCluster_SVD13_H11        0.009192         7138901
  9 TextCluster_SVD14_H11        0.018236         3168681
 10 TextCluster_SVD15_H11       -0.113417        -7677793
 11 TextCluster_SVD16_H11        0.129753        -4219725
 12 TextCluster_SVD17_H11        0.051277         3770510
 13 TextCluster_SVD18_H11        0.159000        12872199
 14 TextCluster_SVD19_H11        0.208785         1725294
 15 TextCluster_SVD2_H11         0.047382         3519190
 16 TextCluster_SVD20_H11       -0.028564         -817983
 17 TextCluster_SVD21_H11       -0.100952         7993354
 18 TextCluster_SVD22_H11       -0.002747         -925307
 19 TextCluster_SVD23_H11        0.073560        16038084
 20 TextCluster_SVD24_H11       -0.240504       -15136760
 21 TextCluster_SVD25_H11       -0.254608       -10229704
 22 TextCluster_SVD26_H11       -0.052966        -5156610
 23 TextCluster_SVD27_H11       -0.016154        -5230905
 24 TextCluster_SVD28_H11       -0.020814        -3891550
 25 TextCluster_SVD29_H11        0.026241         4361228
 26 TextCluster_SVD3_H11         0.025719        -1329107
 27 TextCluster_SVD30_H11       -0.025208        -7132921
 28 TextCluster_SVD31_H11       -0.055852          347342
 29 TextCluster_SVD32_H11        0.071641        11307014
 30 TextCluster_SVD33_H11        0.032478        -2422421
 31 TextCluster_SVD34_H11        0.095375         7244499
 32 TextCluster_SVD35_H11       -0.076102          190655
 33 TextCluster_SVD36_H11        0.061107         1729764
 34 TextCluster_SVD37_H11       -0.068850         3776728
 35 TextCluster_SVD38_H11        0.159278        -1169015
 36 TextCluster_SVD39_H11        0.019793        -3374772
 37 TextCluster_SVD4_H11         0.081546        11724474
 38 TextCluster_SVD40_H11       -0.038803         9236500
 39 TextCluster_SVD41_H11       -0.018416         5089049
 40 TextCluster_SVD42_H11        0.207818          429857
 41 TextCluster_SVD43_H11        0.125319         1951940
 42 TextCluster_SVD44_H11        0.179536        -3010164
 43 TextCluster_SVD45_H11        0.000769          947576
 44 TextCluster_SVD46_H11       -0.262388        -1428134
 45 TextCluster_SVD47_H11        0.002056         4631820
 46 TextCluster_SVD48_H11        0.038098         6499312
 47 TextCluster_SVD49_H11       -0.020474        -6146846
 48 TextCluster_SVD5_H11         0.021802         2947241
 49 TextCluster_SVD50_H11        0.065368         8165849
 50 TextCluster_SVD51_H11        0.103713         2186850
 51 TextCluster_SVD52_H11       -0.108545        -2958971
 52 TextCluster_SVD53_H11       -0.131270        -3467943
 53 TextCluster_SVD54_H11        0.034568         2075458
 54 TextCluster_SVD6_H11        -0.104884        -4355250
 55 TextCluster_SVD7_H11        -0.035080         3450480
 56 TextCluster_SVD8_H11         0.003147          681578
 57 TextCluster_SVD9_H11        -0.096490        -3727934
 58 TextTopic_raw1_H11          -0.075119        -7388859
 59 TextTopic_raw10_H11         -0.154034        -3383898
 60 TextTopic_raw11_H11          0.247399          195544
 61 TextTopic_raw12_H11          0.029091        -4144235
 62 TextTopic_raw13_H11          0.205015        17297977
 63 TextTopic_raw14_H11          0.135412         5281532
 64 TextTopic_raw15_H11         -0.052495        -7885935
 65 TextTopic_raw2_H11          -0.069350        -2618710
 66 TextTopic_raw3_H11          -0.032271        -6717272
 67 TextTopic_raw4_H11           0.070994         9348293
 68 TextTopic_raw5_H11           0.024093        -8728513
 69 TextTopic_raw6_H11           0.080676        -4739300
 70 TextTopic_raw7_H11          -0.167813       -13460206
 71 TextTopic_raw8_H11           0.088267         2193951
 72 TextTopic_raw9_H11          -0.049810        -6954586
 73 Character_Count_H12          0.089372         7285084
 74 Like_Count_H12               0.107381       -14522207
 75 Retweet_Count_H12           -0.064894       -15637583
 76 TextCluster_SVD1_H12         0.227903         6351113
 77 TextCluster_SVD10_H12       -0.039605         1743460
 78 TextCluster_SVD11_H12       -0.085305         6460201
 79 TextCluster_SVD12_H12       -0.079965         3968595
 80 TextCluster_SVD13_H12       -0.266236        -8984121
 81 TextCluster_SVD14_H12       -0.245801        -4681798
 82 TextCluster_SVD15_H12       -0.166997         2432362
 83 TextCluster_SVD16_H12       -0.077767         4076173
 84 TextCluster_SVD17_H12       -0.150756        -1184708
 85 TextCluster_SVD18_H12        0.068321         1522155
 86 TextCluster_SVD19_H12        0.067582        21684165
 87 TextCluster_SVD2_H12        -0.073064         -196081
 88 TextCluster_SVD20_H12        0.132018         8980992
 89 TextCluster_SVD21_H12       -0.207203       -20840648
 90 TextCluster_SVD22_H12        0.037901         1313936
 91 TextCluster_SVD23_H12        0.092466       -12643984
 92 TextCluster_SVD24_H12       -0.010338         6571557
 93 TextCluster_SVD25_H12       -0.064041        -1336366
 94 TextCluster_SVD26_H12        0.248635         5108717
 95 TextCluster_SVD27_H12       -0.033706         1385873
 96 TextCluster_SVD28_H12        0.001940       -11772553
 97 TextCluster_SVD29_H12        0.103633          244082
 98 TextCluster_SVD3_H12         0.263625         3278387
 99 TextCluster_SVD30_H12        0.006144         7975334
100 TextCluster_SVD31_H12       -0.119927          750684
101 TextCluster_SVD32_H12       -0.072241        -9400108
102 TextCluster_SVD33_H12       -0.180774         4360485
103 TextCluster_SVD34_H12        0.115458         2888282
104 TextCluster_SVD35_H12       -0.045563        -2941329
105 TextCluster_SVD36_H12        0.006962        10753451
106 TextCluster_SVD37_H12       -0.084760        -9127791
107 TextCluster_SVD38_H12       -0.180214         5126167
108 TextCluster_SVD39_H12       -0.028022         6798889
109 TextCluster_SVD4_H12         0.061322         4157772
110 TextCluster_SVD40_H12        0.029143        -7698066
111 TextCluster_SVD41_H12        0.125383         -350241
112 TextCluster_SVD42_H12       -0.239416        -2878033
113 TextCluster_SVD43_H12        0.025350         1412417
114 TextCluster_SVD44_H12        0.035442         3100846
115 TextCluster_SVD45_H12        0.146510          197058
116 TextCluster_SVD46_H12        0.029945        -4111811
117 TextCluster_SVD47_H12        0.171616          284458
118 TextCluster_SVD48_H12       -0.265730        -2414509
119 TextCluster_SVD49_H12        0.174764         3910164
120 TextCluster_SVD5_H12         0.031685       -10773368
121 TextCluster_SVD50_H12        0.294674        -5321495
122 TextCluster_SVD51_H12       -0.094277       -10400275
123 TextCluster_SVD52_H12       -0.010105        -1974610
124 TextCluster_SVD53_H12       -0.285811        -8090905
125 TextCluster_SVD54_H12       -0.280576        -1608688
126 TextCluster_SVD6_H12        -0.315725       -16767984
127 TextCluster_SVD7_H12        -0.082268        -8398804
128 TextCluster_SVD8_H12         0.130646        -3791322
129 TextCluster_SVD9_H12        -0.068797         3003644
130 TextTopic_raw1_H12          -0.008083        11701939
131 TextTopic_raw10_H12          0.145907         -737014
132 TextTopic_raw11_H12         -0.311790         9827853
133 TextTopic_raw12_H12         -0.150323         4174174
134 TextTopic_raw13_H12          0.048182        -7890106
135 TextTopic_raw14_H12          0.137454        -3158137
136 TextTopic_raw15_H12         -0.020301         6632797
137 TextTopic_raw2_H12          -0.204276         7768997
138 TextTopic_raw3_H12          -0.023907         4942479
139 TextTopic_raw4_H12           0.094847        15372573
140 TextTopic_raw5_H12          -0.032797        -6787231
141 TextTopic_raw6_H12           0.061608         7427006
142 TextTopic_raw7_H12          -0.116438        11211061
143 TextTopic_raw8_H12           0.146643       -16919030
144 TextTopic_raw9_H12          -0.017012         5531874
145 Character_Count_H13         -0.148746         5210668
146 Like_Count_H13               1.242898        13431539
147 Retweet_Count_H13            1.279933        17254041
148 TextCluster_SVD1_H13        -0.258328         5219183
149 TextCluster_SVD10_H13       -0.024351        11378031
150 TextCluster_SVD11_H13        0.080909          731422
151 TextCluster_SVD12_H13       -0.180539         2604448
152 TextCluster_SVD13_H13        0.148547       -11046565
153 TextCluster_SVD14_H13        0.156003         2474294
154 TextCluster_SVD15_H13        0.049741         2004443
155 TextCluster_SVD16_H13        0.325443         9995244
156 TextCluster_SVD17_H13        0.204906        -6371884
157 TextCluster_SVD18_H13        0.141789       -14846503
158 TextCluster_SVD19_H13        0.303993        16485094
159 TextCluster_SVD2_H13         0.090925        -3842008
160 TextCluster_SVD20_H13       -0.042857         9326980
161 TextCluster_SVD21_H13       -0.161113       -14886391
162 TextCluster_SVD22_H13       -0.099677        -9197658
163 TextCluster_SVD23_H13       -0.009226       -27365904
164 TextCluster_SVD24_H13       -0.111106        21563631
165 TextCluster_SVD25_H13       -0.192036         5671740
166 TextCluster_SVD26_H13       -0.105025         8621269
167 TextCluster_SVD27_H13       -0.031503         5089364
168 TextCluster_SVD28_H13       -0.162577        -3500325
169 TextCluster_SVD29_H13       -0.189191        -4023807
170 TextCluster_SVD3_H13        -0.141609         -166388
171 TextCluster_SVD30_H13        0.121511        13047090
172 TextCluster_SVD31_H13       -0.077956        -3604762
173 TextCluster_SVD32_H13        0.114115       -14664012
174 TextCluster_SVD33_H13        0.224236         2467205
175 TextCluster_SVD34_H13        0.066418        -8728404
176 TextCluster_SVD35_H13       -0.113088        -2115141
177 TextCluster_SVD36_H13        0.091076          415382
178 TextCluster_SVD37_H13       -0.089528       -13443283
179 TextCluster_SVD38_H13        0.292606        13858049
180 TextCluster_SVD39_H13        0.005316         2982948
181 TextCluster_SVD4_H13         0.047232        -4789612
182 TextCluster_SVD40_H13       -0.176700        -8056073
183 TextCluster_SVD41_H13       -0.172794         -529470
184 TextCluster_SVD42_H13        0.323287         -202135
185 TextCluster_SVD43_H13        0.012355        -2131645
186 TextCluster_SVD44_H13        0.081912        -1649762
187 TextCluster_SVD45_H13       -0.157574        -4990124
188 TextCluster_SVD46_H13       -0.267223         -554139
189 TextCluster_SVD47_H13       -0.151724         -620847
190 TextCluster_SVD48_H13        0.172568        -9404630
191 TextCluster_SVD49_H13       -0.154672         3480272
192 TextCluster_SVD5_H13        -0.374119        -9843281
193 TextCluster_SVD50_H13       -0.220937        -2810717
194 TextCluster_SVD51_H13        0.130857        -6290678
195 TextCluster_SVD52_H13       -0.059113        -9039094
196 TextCluster_SVD53_H13        0.074770         1560421
197 TextCluster_SVD54_H13        0.104803        -3678404
198 TextCluster_SVD6_H13         0.009492        -8211437
199 TextCluster_SVD7_H13        -0.002125        -9839525
200 TextCluster_SVD8_H13        -0.108138         5970167
201 TextCluster_SVD9_H13         0.040751         1526944
202 TextTopic_raw1_H13           0.038703         8208931
203 TextTopic_raw10_H13         -0.216502        -3361342
204 TextTopic_raw11_H13          0.422029         9432029
205 TextTopic_raw12_H13          0.143503         4219556
206 TextTopic_raw13_H13          0.026796       -29388789
207 TextTopic_raw14_H13         -0.162834          -86440
208 TextTopic_raw15_H13          0.121942         9987234
209 TextTopic_raw2_H13          -0.213457         2625704
210 TextTopic_raw3_H13           0.110827         9522814
211 TextTopic_raw4_H13          -0.025416         3581963
212 TextTopic_raw5_H13          -0.025532          361217
213 TextTopic_raw6_H13          -0.039107         3450521
214 TextTopic_raw7_H13           0.048737        25581686
215 TextTopic_raw8_H13          -0.340651        -8067203
216 TextTopic_raw9_H13           0.069329         8915046
217 Typelink_H11                 0.188173       -26045811
218 Typephoto_H11               -0.171652       -20517445
219 Typestatus_H11               0.371106       -26985011
220 Typelink_H12                -0.492113        48326761
221 Typephoto_H12                0.317321        33366173
222 Typestatus_H12              -0.244330        49527520
223 Typelink_H13                -0.048433        29054354
224 Typephoto_H13                0.342605        33216053
225 Typestatus_H13               0.216541        29866692
226 BIAS_H11                    -1.150857        36459354
227 BIAS_H12                    -0.344494       -67508754
228 BIAS_H13                    -1.104452       -27824175
229 H11_Total_Actions              -12774     8783.722297
230 H12_Total_Actions               10659     2207.778658
231 H13_Total_Actions               29960           13647
232 BIAS_Total_Actions              13481          -11542

Value of Objective Function = 196579781.55

 
                                                                                                                                                                                                                                                                
 
 

The NEURAL Procedure

Dual Quasi-Newton Optimization


Minimum Iterations                                0
Maximum Iterations                               50
Maximum Function Calls                   2147483647
Maximum CPU Time                              14400
ABSGCONV Gradient Criterion                 0.00001
GCONV Gradient Criterion                       1E-8
ABSFCONV Function Criterion                       0
FCONV Function Criterion                     0.0001
FCONV2 Function Criterion                         0
FSIZE Parameter                                   0
ABSXCONV Parameter Change Criterion               0
XCONV Parameter Change Criterion                  0
XSIZE Parameter                                   0
ABSCONV Function Criterion             290851.22886
Line Search Method                                2
Starting Alpha for Line Search                    1
Line Search Precision LSPRECISION               0.4
DAMPSTEP Parameter for Line Search                .
Singularity Tolerance (SINGULAR)               1E-8

Dual Quasi-Newton Optimization

Dual Broyden - Fletcher - Goldfarb - Shanno Update (DBFGS)

Parameter Estimates             232

                                             Optimization Start

Active Constraints                                  0  Objective Function                       196579781.55
Max Abs Gradient Element                 67508754.128                                                       


                                                                 Objective     Max Abs                Slope of
                     Function         Active        Objective     Function    Gradient       Step       Search
Iter     Restarts       Calls    Constraints         Function       Change     Element       Size    Direction

   1            0          20              0        169555680     27024101    40188521    1.76E-7      -318E12
   2            0          27              0        145228266     24327414    51819819    0.00046       -184E9
   3            0          33              0        128075484     17152782    67794827    0.00078       -13E10
   4            0          40              0        118378914      9696570    66915222    0.00017       -902E8
   5            0          46              0        113654562      4724352    86608072    0.00027       -388E8
   6            0          52              0        107825041      5829522    71845468    0.00039        -58E9
   7            0          58              0        103624675      4200366    51395083    0.00058       -396E8
   8            0          64              0         93753143      9871531    36941093    0.00055       -397E8
   9            0          70              0         86804494      6948649    23319099    0.00054       -342E8
  10            0          76              0         80847491      5957003    21212321    0.00068       -215E8
  11            0          82              0         76236849      4610643    30613378    0.00057       -181E8
  12            0          87              0         72891071      3345777    33197159    0.00084       -155E8
  13            0          92              0         69592684      3298388    18068011    0.00085       -9.1E9
  14            0          97              0         67326685      2265998    16514619    0.00082      -5.21E9
  15            0         101              0         65644582      1682104    12857385    0.00100      -3.02E9
  16            0         105              0         64415306      1229276    15544411    0.00100      -3.38E9
  17            0         109              0         62864748      1550557    14248895    0.00100      -2.28E9
  18            0         113              0         61540438      1324310    12681993    0.00100      -2.31E9
  19            0         117              0         60611344       929094    11537221    0.00100      -1.75E9
  20            0         121              0         59884195       727149    12373989    0.00100      -1.61E9
  21            0         125              0         59241650       642545    12929165    0.00100      -1.08E9
  22            0         129              0         58743181       498469    12743993    0.00100      -1.17E9
  23            0         133              0         58136431       606751    12480451    0.00100      -1.21E9
  24            0         137              0         57626924       509507    14935470    0.00100       -9.9E8
  25            0         141              0         57069993       556931    12713861    0.00100       -1.3E9
  26            0         145              0         56558341       511652    14069799    0.00100      -9.13E8
  27            0         149              0         55990583       567758    15783980    0.00100      -9.82E8
  28            0         153              0         55273682       716901    16501419    0.00100       -1.3E9
  29            0         158              0         54848543       425138    16441569    0.00045      -1.34E9
  30            0         162              0         54405380       443163    17176282    0.00100      -6.45E8
  31            0         166              0         54058960       346421    17317717    0.00100      -7.72E8
  32            0         170              0         53794190       264770    17726056    0.00100      -5.73E8
  33            0         174              0         53528237       265953    18713462    0.00100      -5.14E8
  34            0         178              0         53205781       322456    19696090    0.00100      -5.91E8
  35            0         182              0         52964404       241377    19932313    0.00100      -4.52E8
  36            0         186              0         52793202       171202    21269070    0.00100      -3.12E8
  37            0         190              0         52578131       215071    21750596    0.00100      -3.61E8
  38            0         194              0         52392830       185301    22076275    0.00100      -2.88E8
  39            0         198              0         52222709       170121    22978279    0.00100      -3.22E8
  40            0         202              0         52036862       185847    21762799    0.00100       -3.1E8
  41            0         206              0         51709320       327542    24377207    0.00100      -5.04E8
  42            0         210              0         51357827       351492    25697410    0.00100      -6.46E8
  43            0         214              0         51075182       282645    27106858    0.00100      -5.54E8
  44            0         218              0         50785084       290099    28015065    0.00100      -6.42E8
  45            0         222              0         50461278       323806    29274260    0.00100      -5.41E8
  46            0         226              0         50153280       307998    28406452    0.00100      -8.17E8
  47            0         230              0         49865088       288192    28293096    0.00100      -8.87E8
  48            0         234              0         49713791       151297    27830476    0.00100      -8.98E8
  49            0         238              0         49531502       182289    27665736    0.00100      -7.06E8
  50            0         242              0         49429833       101669    29268064    0.00100      -7.31E8

                                            Optimization Results

Iterations                                         50  Function Calls                                    244
Gradient Calls                                     52  Active Constraints                                  0
Objective Function                       49429833.083  Max Abs Gradient Element                 29268064.439
Slope of Search Direction                -730973636.4                                                       

QUANEW needs more than 50 iterations or 2147483647 function calls.                                

WARNING: QUANEW Optimization cannot be completed.

 
                                                                                                                                                                                                                                                                
 
 

The NEURAL Procedure

                   Optimization Results
                   Parameter Estimates
                                                 Gradient
                                                Objective
  N Parameter                    Estimate        Function

  1 Character_Count_H11          0.011548        -2282871
  2 Like_Count_H11              -0.671672        -3006882
  3 Retweet_Count_H11           -0.010952        -3156476
  4 TextCluster_SVD1_H11        -0.024338         -556414
  5 TextCluster_SVD10_H11        0.012737        -4691272
  6 TextCluster_SVD11_H11        0.081892        -1078358
  7 TextCluster_SVD12_H11        0.039780        -1323946
  8 TextCluster_SVD13_H11       -0.007548         3969600
  9 TextCluster_SVD14_H11        0.052857         -938502
 10 TextCluster_SVD15_H11       -0.051261         -892554
 11 TextCluster_SVD16_H11        0.042609         3324910
 12 TextCluster_SVD17_H11        0.016433          166594
 13 TextCluster_SVD18_H11        0.008259         2436927
 14 TextCluster_SVD19_H11        0.034344         -220335
 15 TextCluster_SVD2_H11        -0.150500        -1677969
 16 TextCluster_SVD20_H11       -0.062850        -3128144
 17 TextCluster_SVD21_H11       -0.043160         4049453
 18 TextCluster_SVD22_H11       -0.043757        -1941132
 19 TextCluster_SVD23_H11        0.021591         6158933
 20 TextCluster_SVD24_H11       -0.042281        -3186656
 21 TextCluster_SVD25_H11       -0.064193         2799650
 22 TextCluster_SVD26_H11       -0.036299         2756230
 23 TextCluster_SVD27_H11       -0.032785         2062040
 24 TextCluster_SVD28_H11       -0.002060         1614078
 25 TextCluster_SVD29_H11        0.022709         1255043
 26 TextCluster_SVD3_H11        -0.016758        -2089125
 27 TextCluster_SVD30_H11        0.011255         2323021
 28 TextCluster_SVD31_H11        0.014410         1816700
 29 TextCluster_SVD32_H11        0.021217         1627869
 30 TextCluster_SVD33_H11        0.028769         4674081
 31 TextCluster_SVD34_H11       -0.017021         5228079
 32 TextCluster_SVD35_H11        0.049086         6482091
 33 TextCluster_SVD36_H11       -0.051470         2908562
 34 TextCluster_SVD37_H11        0.010332        -3032742
 35 TextCluster_SVD38_H11        0.064580         6396184
 36 TextCluster_SVD39_H11       -0.070206        -1437918
 37 TextCluster_SVD4_H11         0.002222         2368072
 38 TextCluster_SVD40_H11       -0.023936          475267
 39 TextCluster_SVD41_H11        0.020645        -2218834
 40 TextCluster_SVD42_H11        0.046081          778975
 41 TextCluster_SVD43_H11       -0.004900         1627371
 42 TextCluster_SVD44_H11       -0.000736        -3361782
 43 TextCluster_SVD45_H11       -0.030180         -947758
 44 TextCluster_SVD46_H11       -0.003496        -1375941
 45 TextCluster_SVD47_H11        0.003753        -3362037
 46 TextCluster_SVD48_H11       -0.009324         2410255
 47 TextCluster_SVD49_H11       -0.048668        -5236368
 48 TextCluster_SVD5_H11        -0.072507         -883704
 49 TextCluster_SVD50_H11       -0.038391        -1921460
 50 TextCluster_SVD51_H11        0.044818         2653466
 51 TextCluster_SVD52_H11        0.015966         5735915
 52 TextCluster_SVD53_H11       -0.026390          505202
 53 TextCluster_SVD54_H11        0.035751         -341643
 54 TextCluster_SVD6_H11        -0.011432         1757824
 55 TextCluster_SVD7_H11        -0.046252        -6686943
 56 TextCluster_SVD8_H11         0.039472        -2164587
 57 TextCluster_SVD9_H11        -0.022961        -2028681
 58 TextTopic_raw1_H11           0.091545         -726403
 59 TextTopic_raw10_H11         -0.018418        -6628323
 60 TextTopic_raw11_H11         -0.316923        -3063231
 61 TextTopic_raw12_H11         -0.060719         7221475
 62 TextTopic_raw13_H11         -0.004719         6304559
 63 TextTopic_raw14_H11          0.040724        -3251639
 64 TextTopic_raw15_H11         -0.072862          735191
 65 TextTopic_raw2_H11           0.078622        -2104741
 66 TextTopic_raw3_H11           0.069155        -1305225
 67 TextTopic_raw4_H11          -0.230688        -2299395
 68 TextTopic_raw5_H11          -0.025589         -862997
 69 TextTopic_raw6_H11           0.051339         7939669
 70 TextTopic_raw7_H11          -0.094554         1659512
 71 TextTopic_raw8_H11           0.021509         1044223
 72 TextTopic_raw9_H11           0.030479         -700243
 73 Character_Count_H12          0.042740         2621726
 74 Like_Count_H12              -1.652586        -5319805
 75 Retweet_Count_H12            1.694257        -3349309
 76 TextCluster_SVD1_H12         1.187354         1840352
 77 TextCluster_SVD10_H12        0.584086         2342990
 78 TextCluster_SVD11_H12        1.414862          927097
 79 TextCluster_SVD12_H12        0.484232         1287091
 80 TextCluster_SVD13_H12       -0.132917        -4453971
 81 TextCluster_SVD14_H12        0.019735        -1289514
 82 TextCluster_SVD15_H12        0.308638         2241193
 83 TextCluster_SVD16_H12       -0.670461        -1521164
 84 TextCluster_SVD17_H12        0.955091         1053269
 85 TextCluster_SVD18_H12       -0.141992        -1909974
 86 TextCluster_SVD19_H12        0.063610        -2135967
 87 TextCluster_SVD2_H12        -0.509453         -755696
 88 TextCluster_SVD20_H12        0.180742         1949142
 89 TextCluster_SVD21_H12       -0.545965        -3800394
 90 TextCluster_SVD22_H12        0.051268         2589564
 91 TextCluster_SVD23_H12       -0.455050        -3580742
 92 TextCluster_SVD24_H12        0.501875         6243497
 93 TextCluster_SVD25_H12       -0.280088          442555
 94 TextCluster_SVD26_H12       -0.011116          -88817
 95 TextCluster_SVD27_H12        0.112001          926004
 96 TextCluster_SVD28_H12       -0.211291        -3589017
 97 TextCluster_SVD29_H12       -0.085664        -2084065
 98 TextCluster_SVD3_H12         0.371185         2846270
 99 TextCluster_SVD30_H12       -0.098046        -1439722
100 TextCluster_SVD31_H12        0.088095         -711445
101 TextCluster_SVD32_H12        0.670993         -688823
102 TextCluster_SVD33_H12       -0.187022        -1320503
103 TextCluster_SVD34_H12       -0.294363        -5590540
104 TextCluster_SVD35_H12       -0.255907         -785970
105 TextCluster_SVD36_H12       -0.211460        -1563927
106 TextCluster_SVD37_H12       -0.514458          387289
107 TextCluster_SVD38_H12       -0.242661        -2674039
108 TextCluster_SVD39_H12        0.693159          447904
109 TextCluster_SVD4_H12         0.069331        -1113037
110 TextCluster_SVD40_H12       -0.675275        -3528818
111 TextCluster_SVD41_H12       -0.082892         -607461
112 TextCluster_SVD42_H12        0.019927         -616134
113 TextCluster_SVD43_H12        0.106023          837386
114 TextCluster_SVD44_H12       -0.375626          422754
115 TextCluster_SVD45_H12        0.436098         1682286
116 TextCluster_SVD46_H12        0.246767         4387900
117 TextCluster_SVD47_H12        0.530881         3611073
118 TextCluster_SVD48_H12        0.638732         -739317
119 TextCluster_SVD49_H12       -0.073435         2969064
120 TextCluster_SVD5_H12        -0.158421         -221022
121 TextCluster_SVD50_H12       -0.349796        -2691366
122 TextCluster_SVD51_H12       -0.400669        -3927697
123 TextCluster_SVD52_H12        0.479618          -24226
124 TextCluster_SVD53_H12       -0.071588          660173
125 TextCluster_SVD54_H12        0.437628         1189344
126 TextCluster_SVD6_H12        -0.564324        -2777608
127 TextCluster_SVD7_H12         0.382305         2368805
128 TextCluster_SVD8_H12        -0.263513         1284396
129 TextCluster_SVD9_H12         0.504071         1050949
130 TextTopic_raw1_H12           0.272523         2007301
131 TextTopic_raw10_H12          1.244544         4846701
132 TextTopic_raw11_H12         -0.401409        -2341106
133 TextTopic_raw12_H12         -0.452911        -3980440
134 TextTopic_raw13_H12         -0.189396        -7022102
135 TextTopic_raw14_H12         -0.573175          720090
136 TextTopic_raw15_H12         -0.669154        -2573460
137 TextTopic_raw2_H12           3.101513         2059308
138 TextTopic_raw3_H12           0.629713         1426893
139 TextTopic_raw4_H12           1.395772         2306741
140 TextTopic_raw5_H12          -0.234424          568812
141 TextTopic_raw6_H12           0.191095         -524921
142 TextTopic_raw7_H12          -0.237298          569174
143 TextTopic_raw8_H12           0.462173        -2592658
144 TextTopic_raw9_H12          -0.445207         -965411
145 Character_Count_H13          0.024604         -217217
146 Like_Count_H13               0.583375       -16448221
147 Retweet_Count_H13            0.121476       -12829570
148 TextCluster_SVD1_H13        -0.003912         -108242
149 TextCluster_SVD10_H13       -0.027451         6655334
150 TextCluster_SVD11_H13       -0.009834         5082253
151 TextCluster_SVD12_H13        0.056269         3398166
152 TextCluster_SVD13_H13       -0.050747       -10146325
153 TextCluster_SVD14_H13        0.012645        -4655884
154 TextCluster_SVD15_H13       -0.033663         3019473
155 TextCluster_SVD16_H13        0.033576        -5364280
156 TextCluster_SVD17_H13       -0.093721        -5277182
157 TextCluster_SVD18_H13       -0.008947        -3497017
158 TextCluster_SVD19_H13       -0.016740         4040440
159 TextCluster_SVD2_H13        -0.054855         1597517
160 TextCluster_SVD20_H13       -0.051337         2489115
161 TextCluster_SVD21_H13       -0.036244        -4635499
162 TextCluster_SVD22_H13       -0.014602         1184557
163 TextCluster_SVD23_H13        0.004726       -12198566
164 TextCluster_SVD24_H13       -0.049486         7650199
165 TextCluster_SVD25_H13       -0.057978       -10830197
166 TextCluster_SVD26_H13       -0.057034       -11480563
167 TextCluster_SVD27_H13       -0.060062        -5728028
168 TextCluster_SVD28_H13        0.034709       -13450935
169 TextCluster_SVD29_H13        0.020115        -5292143
170 TextCluster_SVD3_H13        -0.021698         9586353
171 TextCluster_SVD30_H13       -0.007248        -2472789
172 TextCluster_SVD31_H13        0.014255        -1417947
173 TextCluster_SVD32_H13        0.014740         -982671
174 TextCluster_SVD33_H13        0.006330        -4803084
175 TextCluster_SVD34_H13       -0.029630       -12256743
176 TextCluster_SVD35_H13       -0.015573        -3457956
177 TextCluster_SVD36_H13       -0.051667        -9396471
178 TextCluster_SVD37_H13        0.052608         5093087
179 TextCluster_SVD38_H13        0.018484        -5237649
180 TextCluster_SVD39_H13       -0.093141         -241432
181 TextCluster_SVD4_H13         0.036001         -715792
182 TextCluster_SVD40_H13        0.007149        -4746732
183 TextCluster_SVD41_H13        0.034111         8238958
184 TextCluster_SVD42_H13        0.025990         5082631
185 TextCluster_SVD43_H13       -0.029255        -1117130
186 TextCluster_SVD44_H13        0.022724         7042913
187 TextCluster_SVD45_H13       -0.042000          101865
188 TextCluster_SVD46_H13       -0.008768         7171741
189 TextCluster_SVD47_H13       -0.019353         5594574
190 TextCluster_SVD48_H13       -0.022179        -3112824
191 TextCluster_SVD49_H13       -0.018285         2098024
192 TextCluster_SVD5_H13        -0.088645         3662274
193 TextCluster_SVD50_H13       -0.010533        -3738652
194 TextCluster_SVD51_H13        0.039626        -7528340
195 TextCluster_SVD52_H13       -0.060811        -7219571
196 TextCluster_SVD53_H13       -0.010188        -3626056
197 TextCluster_SVD54_H13        0.030116         2058162
198 TextCluster_SVD6_H13        -0.083419        -3470641
199 TextCluster_SVD7_H13        -0.043153        10891497
200 TextCluster_SVD8_H13         0.054156         7000885
201 TextCluster_SVD9_H13         0.037192         5174065
202 TextTopic_raw1_H13           0.095519         5120734
203 TextTopic_raw10_H13         -0.015777        14355491
204 TextTopic_raw11_H13         -0.055213        -2477445
205 TextTopic_raw12_H13         -0.117772       -17171054
206 TextTopic_raw13_H13          0.083995       -13954317
207 TextTopic_raw14_H13          0.107292         5352455
208 TextTopic_raw15_H13         -0.056161        -8462893
209 TextTopic_raw2_H13           0.074244         6086418
210 TextTopic_raw3_H13          -0.010332         1038506
211 TextTopic_raw4_H13          -0.883473         4082403
212 TextTopic_raw5_H13           0.005026        -1316389
213 TextTopic_raw6_H13          -0.119335        -8549845
214 TextTopic_raw7_H13          -0.094745        -6070126
215 TextTopic_raw8_H13          -0.051171        -5452629
216 TextTopic_raw9_H13           0.088103         1099075
217 Typelink_H11                -0.794691       -10339894
218 Typephoto_H11                0.468360        -5671968
219 Typestatus_H11              -0.088236       -10293214
220 Typelink_H12                -0.792198         9550862
221 Typephoto_H12                2.566039         9172998
222 Typestatus_H12              -1.376606         9600383
223 Typelink_H13                -0.427010        21273764
224 Typephoto_H13                0.046845        13750696
225 Typestatus_H13               0.276792        21634542
226 BIAS_H11                    -1.364551        14620124
227 BIAS_H12                     5.873508       -10035242
228 BIAS_H13                    -1.147403       -29268064
229 H11_Total_Actions              -12774     2676.702457
230 H12_Total_Actions               10659    -1630.606663
231 H13_Total_Actions               29960      774.453610
232 BIAS_Total_Actions              13481    -3511.511618

Value of Objective Function = 49429833.083

